<?xml version="1.0" encoding="UTF-8"?>
<!-- Generated by org.testng.reporters.JUnitXMLReporter -->
<testsuite ignored="0" hostname="DESKTOP-26OUL54" failures="0" tests="56" name="Surefire test" time="389.772" errors="0" timestamp="2025-12-04T15:49:51 EET">
  <testcase classname="webPortalTest.endToEnd.AddToCartTest" name="validatePerformLogin" time="6.001"/>
  <testcase classname="webPortalTest.endToEnd.AddToCartTest" name="validateNavigatingToCertainCategory" time="2.321"/>
  <testcase classname="webPortalTest.endToEnd.AddToCartTest" name="validateAddingProductToCart" time="5.314"/>
  <testcase classname="webPortalTest.endToEnd.AllCategoriesToCartTest" name="validatePerformLogin" time="3.131"/>
  <testcase classname="webPortalTest.endToEnd.AllCategoriesToCartTest" name="validateNavigatingToCertainCategory" time="2.204"/>
  <testcase classname="webPortalTest.endToEnd.AllCategoriesToCartTest" name="validateAddingProductToCart" time="19.201"/>
  <testcase classname="webPortalTest.endToEnd.CheckOutTest" name="validatePerformLogin" time="2.858"/>
  <testcase classname="webPortalTest.endToEnd.CheckOutTest" name="validateNavigatingToCertainCategory" time="2.01"/>
  <testcase classname="webPortalTest.endToEnd.CheckOutTest" name="validateAddingProductToCart" time="4.159"/>
  <testcase classname="webPortalTest.endToEnd.CheckOutTest" name="validateProceedingToCheckout" time="3.964"/>
  <testcase classname="webPortalTest.endToEnd.CheckOutTest" name="validateProceedingToConfirmationPage" time="6.758"/>
  <testcase classname="webPortalTest.endToEnd.CheckoutWithEmptyFieldTest" name="validatePerformLogin" time="3.129"/>
  <testcase classname="webPortalTest.endToEnd.CheckoutWithEmptyFieldTest" name="validateNavigatingToCertainCategory" time="2.192"/>
  <testcase classname="webPortalTest.endToEnd.CheckoutWithEmptyFieldTest" name="validateAddingProductToCart" time="4.418"/>
  <testcase classname="webPortalTest.endToEnd.CheckoutWithEmptyFieldTest" name="checkoutLeavingEmptyAddress" time="8.152"/>
  <testcase classname="webPortalTest.endToEnd.CheckoutWithInvalidPhoneTest" name="validatePerformLogin" time="3.026"/>
  <testcase classname="webPortalTest.endToEnd.CheckoutWithInvalidPhoneTest" name="validateNavigatingToCertainCategory" time="2.259"/>
  <testcase classname="webPortalTest.endToEnd.CheckoutWithInvalidPhoneTest" name="validateAddingProductToCart" time="4.452"/>
  <testcase classname="webPortalTest.endToEnd.CheckoutWithInvalidPhoneTest" name="checkoutWithInvalidPhone" time="8.053"/>
  <testcase classname="webPortalTest.endToEnd.ElectronicBrandFilterTest" name="validatePerformLogin" time="3.317"/>
  <testcase classname="webPortalTest.endToEnd.ElectronicBrandFilterTest" name="validateNavigatingToCertainCategory" time="2.333"/>
  <testcase classname="webPortalTest.endToEnd.ElectronicBrandFilterTest" name="validateProductFilters_TC" time="0.929"/>
  <testcase classname="webPortalTest.endToEnd.LoginTest" name="invalidUserLogin_TC" time="2.398"/>
  <testcase classname="webPortalTest.endToEnd.LoginTest" name="invalidPasswordLogin_TC" time="2.365"/>
  <testcase classname="webPortalTest.endToEnd.LoginTest" name="emptyMailLogin_TC" time="2.466"/>
  <testcase classname="webPortalTest.endToEnd.LoginTest" name="emptyPasswordLogin_TC" time="2.606"/>
  <testcase classname="webPortalTest.endToEnd.LoginTest" name="validLogin_TC" time="3.359"/>
  <testcase classname="webPortalTest.endToEnd.OrderConfirmationTest" name="validatePerformLogin" time="3.305"/>
  <testcase classname="webPortalTest.endToEnd.OrderConfirmationTest" name="validateNavigatingToCertainCategory" time="2.458"/>
  <testcase classname="webPortalTest.endToEnd.OrderConfirmationTest" name="validateAddingProductToCart" time="4.451"/>
  <testcase classname="webPortalTest.endToEnd.OrderConfirmationTest" name="validateProceedingToCheckout" time="3.461"/>
  <testcase classname="webPortalTest.endToEnd.OrderConfirmationTest" name="validateConfirmationPageDetails" time="10.682"/>
  <testcase classname="webPortalTest.endToEnd.OrderConfirmationTest" name="validateSubmitOrder" time="2.451"/>
  <testcase classname="webPortalTest.endToEnd.OrderConfirmationTest" name="validateShopAgain" time="1.896"/>
  <testcase classname="webPortalTest.endToEnd.ProductColorFilterTest" name="validatePerformLogin" time="2.846"/>
  <testcase classname="webPortalTest.endToEnd.ProductColorFilterTest" name="validateNavigatingToCertainCategory" time="2.144"/>
  <testcase classname="webPortalTest.endToEnd.ProductColorFilterTest" name="validateProductColorFilter_TC" time="1.342"/>
  <testcase classname="webPortalTest.endToEnd.ProductPriceFilterTest" name="validatePerformLogin" time="3.005"/>
  <testcase classname="webPortalTest.endToEnd.ProductPriceFilterTest" name="validateNavigatingToCertainCategory" time="2.285"/>
  <testcase classname="webPortalTest.endToEnd.ProductPriceFilterTest" name="validateProductPriceFilter_TC" time="1.175"/>
  <testcase classname="webPortalTest.endToEnd.ProductSizeFilterTest" name="validatePerformLogin" time="2.839"/>
  <testcase classname="webPortalTest.endToEnd.ProductSizeFilterTest" name="validateNavigatingToCertainCategory" time="2.131"/>
  <testcase classname="webPortalTest.endToEnd.ProductSizeFilterTest" name="validateProductSizeFilter_TC" time="1.234"/>
  <testcase classname="webPortalTest.endToEnd.ProductTypeFilterTest" name="validatePerformLogin" time="2.798"/>
  <testcase classname="webPortalTest.endToEnd.ProductTypeFilterTest" name="validateNavigatingToCertainCategory" time="2.044"/>
  <testcase classname="webPortalTest.endToEnd.ProductTypeFilterTest" name="validateProductTypeFilters_TC" time="1.172"/>
  <testcase classname="webPortalTest.endToEnd.RemoveFromCartTest" name="validatePerformLogin" time="2.885"/>
  <testcase classname="webPortalTest.endToEnd.RemoveFromCartTest" name="validateNavigatingToCertainCategory" time="2.388"/>
  <testcase classname="webPortalTest.endToEnd.RemoveFromCartTest" name="validateAddingProductToCart" time="4.357"/>
  <testcase classname="webPortalTest.endToEnd.RemoveFromCartTest" name="validateRemovingProductFromCart" time="0.952"/>
  <testcase classname="webPortalTest.endToEnd.ShopTest" name="validateCategoriesPresence_TC" time="3.246"/>
  <testcase classname="webPortalTest.endToEnd.ShopTest" name="validateNavigationToProductPage_TC" time="2.337"/>
  <testcase classname="webPortalTest.endToEnd.SpecProdToCartTest" name="validatePerformLogin" time="2.974"/>
  <testcase classname="webPortalTest.endToEnd.SpecProdToCartTest" name="validateNavigatingToCertainCategory" time="2.062"/>
  <testcase classname="webPortalTest.endToEnd.SpecProdToCartTest" name="validateCertainProductDetails" time="3.27"/>
  <testcase classname="webPortalTest.endToEnd.SpecProdToCartTest" name="validateNavigatingToCartPage_TC" time="4.37"/>
</testsuite> <!-- Surefire test -->
