<?xml version="1.0" encoding="UTF-8"?>
<testsuite xmlns:xsi="http://www.w3.org/2001/XMLSchema-instance" xsi:noNamespaceSchemaLocation="https://maven.apache.org/surefire/maven-surefire-plugin/xsd/surefire-test-report-3.0.xsd" version="3.0" name="webPortalTest.QA_ProductPageTest" time="13.644" tests="1" errors="0" skipped="0" failures="0">
  <properties>
[...]
</properties>
  <testcase name="performLogin_TC" classname="webPortalTest.QA_ProductPageTest" time="3.63">
    <system-out><![CDATA[TestNG Listeners are started
&amp#27;[34m[INFO] - [21-11-2025 22:24:07] [main] [driverFactory.WebDriverFactory] - Starting driver for browser: CHROME&amp#27;[m
&amp#27;[32;1m[DEBUG] - [21-11-2025 22:24:12] [main] [com.jayway.jsonpath.internal.path.CompiledPath] - Evaluating path: $['ProductLogin']['username']&amp#27;[m
&amp#27;[32;1m[DEBUG] - [21-11-2025 22:24:12] [main] [com.jayway.jsonpath.internal.path.CompiledPath] - Evaluating path: $['ProductLogin']['password']&amp#27;[m
&amp#27;[34m[INFO] - [21-11-2025 22:24:13] [main] [utilActions.ElementActions] - Text entered in element: By.id: email - Text: demo@demo.com&amp#27;[m
&amp#27;[34m[INFO] - [21-11-2025 22:24:13] [main] [utilActions.ElementActions] - Text entered in element: By.id: password - Text: demo&amp#27;[m
&amp#27;[34m[INFO] - [21-11-2025 22:24:14] [main] [utilActions.ElementActions] - Element clicked: By.id: loginBtn&amp#27;[m
&amp#27;[34m[INFO] - [21-11-2025 22:24:15] [main] [utilActions.ElementActions] - Text retrieved from element: By.cssSelector: .breadcrumb - Text: Home
Shop&amp#27;[m
&amp#27;[32;1m[DEBUG] - [21-11-2025 22:24:15] [main] [com.jayway.jsonpath.internal.path.CompiledPath] - Evaluating path: $['Shop_Category']&amp#27;[m
&amp#27;[34m[INFO] - [21-11-2025 22:24:15] [main] [utilActions.ElementActions] - Text retrieved from element: By.xpath: //h3[.='Men Fashion'] - Text: Men Fashion&amp#27;[m
&amp#27;[32;1m[DEBUG] - [21-11-2025 22:24:15] [main] [com.jayway.jsonpath.internal.path.CompiledPath] - Evaluating path: $['Expected_Shop']&amp#27;[m
]]></system-out>
    <system-err><![CDATA[Nov 21, 2025 10:24:10 PM org.openqa.selenium.devtools.CdpVersionFinder findNearestMatch
WARNING: Unable to find CDP implementation matching 142
Nov 21, 2025 10:24:10 PM org.openqa.selenium.chromium.ChromiumDriver lambda$new$4
WARNING: Unable to find version of CDP to use for 142.0.7444.176. You may need to include a dependency on a specific version of the CDP using something similar to `org.seleniumhq.selenium:selenium-devtools-v86:4.29.0` where the version ("v86") matches the version of the chromium-based browser you're using and the version number of the artifact is the same as Selenium's.
]]></system-err>
  </testcase>
</testsuite>