<?xml version="1.0" encoding="UTF-8"?>
<testng-results ignored="0" total="56" passed="56" failed="0" skipped="0">
  <reporter-output>
  </reporter-output>
  <suite started-at="2025-12-04T15:43:22 EET" name="Surefire suite" finished-at="2025-12-04T15:49:51 EET" duration-ms="389772">
    <groups>
    </groups>
    <test started-at="2025-12-04T15:43:22 EET" name="Surefire test" finished-at="2025-12-04T15:49:51 EET" duration-ms="389772">
      <class name="webPortalTest.endToEnd.SpecProdToCartTest">
        <test-method is-config="true" signature="setup()[pri:0, instance:webPortalTest.endToEnd.SpecProdToCartTest@79957f11]" started-at="2025-12-04T15:49:28 EET" name="setup" finished-at="2025-12-04T15:49:34 EET" duration-ms="6066" status="PASS">
          <reporter-output>
          </reporter-output>
        </test-method> <!-- setup -->
        <test-method signature="validatePerformLogin()[pri:0, instance:webPortalTest.endToEnd.SpecProdToCartTest@79957f11]" started-at="2025-12-04T15:49:34 EET" name="validatePerformLogin" finished-at="2025-12-04T15:49:37 EET" duration-ms="2974" status="PASS">
          <reporter-output>
          </reporter-output>
        </test-method> <!-- validatePerformLogin -->
        <test-method signature="validateNavigatingToCertainCategory()[pri:0, instance:webPortalTest.endToEnd.SpecProdToCartTest@79957f11]" started-at="2025-12-04T15:49:37 EET" name="validateNavigatingToCertainCategory" finished-at="2025-12-04T15:49:39 EET" depends-on-methods="webPortalTest.endToEnd.SpecProdToCartTest.validatePerformLogin" duration-ms="2062" status="PASS">
          <reporter-output>
          </reporter-output>
        </test-method> <!-- validateNavigatingToCertainCategory -->
        <test-method signature="validateCertainProductDetails()[pri:0, instance:webPortalTest.endToEnd.SpecProdToCartTest@79957f11]" started-at="2025-12-04T15:49:39 EET" name="validateCertainProductDetails" finished-at="2025-12-04T15:49:43 EET" depends-on-methods="webPortalTest.endToEnd.SpecProdToCartTest.validateNavigatingToCertainCategory, webPortalTest.endToEnd.SpecProdToCartTest.validatePerformLogin" duration-ms="3270" status="PASS">
          <reporter-output>
          </reporter-output>
        </test-method> <!-- validateCertainProductDetails -->
        <test-method signature="validateNavigatingToCartPage_TC()[pri:0, instance:webPortalTest.endToEnd.SpecProdToCartTest@79957f11]" started-at="2025-12-04T15:49:43 EET" name="validateNavigatingToCartPage_TC" finished-at="2025-12-04T15:49:47 EET" depends-on-methods="webPortalTest.endToEnd.SpecProdToCartTest.validateCertainProductDetails, webPortalTest.endToEnd.SpecProdToCartTest.validateNavigatingToCertainCategory, webPortalTest.endToEnd.SpecProdToCartTest.validatePerformLogin" duration-ms="4370" status="PASS">
          <reporter-output>
          </reporter-output>
        </test-method> <!-- validateNavigatingToCartPage_TC -->
        <test-method is-config="true" signature="tearDown()[pri:0, instance:webPortalTest.endToEnd.SpecProdToCartTest@79957f11]" started-at="2025-12-04T15:49:48 EET" name="tearDown" finished-at="2025-12-04T15:49:51 EET" duration-ms="3752" status="PASS">
          <reporter-output>
          </reporter-output>
        </test-method> <!-- tearDown -->
      </class> <!-- webPortalTest.endToEnd.SpecProdToCartTest -->
      <class name="webPortalTest.endToEnd.CheckoutWithEmptyFieldTest">
        <test-method is-config="true" signature="setup()[pri:0, instance:webPortalTest.endToEnd.CheckoutWithEmptyFieldTest@51cab489]" started-at="2025-12-04T15:44:58 EET" name="setup" finished-at="2025-12-04T15:45:04 EET" duration-ms="6322" status="PASS">
          <reporter-output>
          </reporter-output>
        </test-method> <!-- setup -->
        <test-method signature="validatePerformLogin()[pri:0, instance:webPortalTest.endToEnd.CheckoutWithEmptyFieldTest@51cab489]" started-at="2025-12-04T15:45:04 EET" name="validatePerformLogin" finished-at="2025-12-04T15:45:07 EET" duration-ms="3129" status="PASS">
          <reporter-output>
          </reporter-output>
        </test-method> <!-- validatePerformLogin -->
        <test-method signature="validateNavigatingToCertainCategory()[pri:0, instance:webPortalTest.endToEnd.CheckoutWithEmptyFieldTest@51cab489]" started-at="2025-12-04T15:45:07 EET" name="validateNavigatingToCertainCategory" finished-at="2025-12-04T15:45:09 EET" depends-on-methods="webPortalTest.endToEnd.CheckoutWithEmptyFieldTest.validatePerformLogin" duration-ms="2192" status="PASS">
          <reporter-output>
          </reporter-output>
        </test-method> <!-- validateNavigatingToCertainCategory -->
        <test-method signature="validateAddingProductToCart()[pri:0, instance:webPortalTest.endToEnd.CheckoutWithEmptyFieldTest@51cab489]" started-at="2025-12-04T15:45:10 EET" name="validateAddingProductToCart" finished-at="2025-12-04T15:45:14 EET" depends-on-methods="webPortalTest.endToEnd.CheckoutWithEmptyFieldTest.validateNavigatingToCertainCategory, webPortalTest.endToEnd.CheckoutWithEmptyFieldTest.validatePerformLogin" duration-ms="4418" status="PASS">
          <reporter-output>
          </reporter-output>
        </test-method> <!-- validateAddingProductToCart -->
        <test-method signature="checkoutLeavingEmptyAddress()[pri:0, instance:webPortalTest.endToEnd.CheckoutWithEmptyFieldTest@51cab489]" started-at="2025-12-04T15:45:14 EET" name="checkoutLeavingEmptyAddress" finished-at="2025-12-04T15:45:23 EET" depends-on-methods="webPortalTest.endToEnd.CheckoutWithEmptyFieldTest.validateAddingProductToCart, webPortalTest.endToEnd.CheckoutWithEmptyFieldTest.validateNavigatingToCertainCategory, webPortalTest.endToEnd.CheckoutWithEmptyFieldTest.validatePerformLogin" duration-ms="8152" status="PASS">
          <reporter-output>
          </reporter-output>
        </test-method> <!-- checkoutLeavingEmptyAddress -->
        <test-method is-config="true" signature="tearDown()[pri:0, instance:webPortalTest.endToEnd.CheckoutWithEmptyFieldTest@51cab489]" started-at="2025-12-04T15:45:23 EET" name="tearDown" finished-at="2025-12-04T15:45:25 EET" duration-ms="1852" status="PASS">
          <reporter-output>
          </reporter-output>
        </test-method> <!-- tearDown -->
      </class> <!-- webPortalTest.endToEnd.CheckoutWithEmptyFieldTest -->
      <class name="webPortalTest.endToEnd.RemoveFromCartTest">
        <test-method is-config="true" signature="setup()[pri:0, instance:webPortalTest.endToEnd.RemoveFromCartTest@2dd1086]" started-at="2025-12-04T15:48:50 EET" name="setup" finished-at="2025-12-04T15:48:56 EET" duration-ms="5831" status="PASS">
          <reporter-output>
          </reporter-output>
        </test-method> <!-- setup -->
        <test-method signature="validatePerformLogin()[pri:0, instance:webPortalTest.endToEnd.RemoveFromCartTest@2dd1086]" started-at="2025-12-04T15:48:56 EET" name="validatePerformLogin" finished-at="2025-12-04T15:48:59 EET" duration-ms="2885" status="PASS">
          <reporter-output>
          </reporter-output>
        </test-method> <!-- validatePerformLogin -->
        <test-method signature="validateNavigatingToCertainCategory()[pri:0, instance:webPortalTest.endToEnd.RemoveFromCartTest@2dd1086]" started-at="2025-12-04T15:48:59 EET" name="validateNavigatingToCertainCategory" finished-at="2025-12-04T15:49:01 EET" depends-on-methods="webPortalTest.endToEnd.RemoveFromCartTest.validatePerformLogin" duration-ms="2388" status="PASS">
          <reporter-output>
          </reporter-output>
        </test-method> <!-- validateNavigatingToCertainCategory -->
        <test-method signature="validateAddingProductToCart()[pri:0, instance:webPortalTest.endToEnd.RemoveFromCartTest@2dd1086]" started-at="2025-12-04T15:49:02 EET" name="validateAddingProductToCart" finished-at="2025-12-04T15:49:06 EET" depends-on-methods="webPortalTest.endToEnd.RemoveFromCartTest.validateNavigatingToCertainCategory, webPortalTest.endToEnd.RemoveFromCartTest.validatePerformLogin" duration-ms="4357" status="PASS">
          <reporter-output>
          </reporter-output>
        </test-method> <!-- validateAddingProductToCart -->
        <test-method signature="validateRemovingProductFromCart()[pri:0, instance:webPortalTest.endToEnd.RemoveFromCartTest@2dd1086]" started-at="2025-12-04T15:49:06 EET" name="validateRemovingProductFromCart" finished-at="2025-12-04T15:49:07 EET" depends-on-methods="webPortalTest.endToEnd.RemoveFromCartTest.validateAddingProductToCart, webPortalTest.endToEnd.RemoveFromCartTest.validateNavigatingToCertainCategory, webPortalTest.endToEnd.RemoveFromCartTest.validatePerformLogin" duration-ms="952" status="PASS">
          <reporter-output>
          </reporter-output>
        </test-method> <!-- validateRemovingProductFromCart -->
        <test-method is-config="true" signature="tearDown()[pri:0, instance:webPortalTest.endToEnd.RemoveFromCartTest@2dd1086]" started-at="2025-12-04T15:49:08 EET" name="tearDown" finished-at="2025-12-04T15:49:14 EET" duration-ms="6258" status="PASS">
          <reporter-output>
          </reporter-output>
        </test-method> <!-- tearDown -->
      </class> <!-- webPortalTest.endToEnd.RemoveFromCartTest -->
      <class name="webPortalTest.endToEnd.CheckOutTest">
        <test-method is-config="true" signature="setup()[pri:0, instance:webPortalTest.endToEnd.CheckOutTest@44e4cb76]" started-at="2025-12-04T15:44:27 EET" name="setup" finished-at="2025-12-04T15:44:33 EET" duration-ms="6186" status="PASS">
          <reporter-output>
          </reporter-output>
        </test-method> <!-- setup -->
        <test-method signature="validatePerformLogin()[pri:0, instance:webPortalTest.endToEnd.CheckOutTest@44e4cb76]" started-at="2025-12-04T15:44:33 EET" name="validatePerformLogin" finished-at="2025-12-04T15:44:36 EET" duration-ms="2858" status="PASS">
          <reporter-output>
          </reporter-output>
        </test-method> <!-- validatePerformLogin -->
        <test-method signature="validateNavigatingToCertainCategory()[pri:0, instance:webPortalTest.endToEnd.CheckOutTest@44e4cb76]" started-at="2025-12-04T15:44:37 EET" name="validateNavigatingToCertainCategory" finished-at="2025-12-04T15:44:39 EET" depends-on-methods="webPortalTest.endToEnd.CheckOutTest.validatePerformLogin" duration-ms="2010" status="PASS">
          <reporter-output>
          </reporter-output>
        </test-method> <!-- validateNavigatingToCertainCategory -->
        <test-method signature="validateAddingProductToCart()[pri:0, instance:webPortalTest.endToEnd.CheckOutTest@44e4cb76]" started-at="2025-12-04T15:44:39 EET" name="validateAddingProductToCart" finished-at="2025-12-04T15:44:43 EET" depends-on-methods="webPortalTest.endToEnd.CheckOutTest.validateNavigatingToCertainCategory, webPortalTest.endToEnd.CheckOutTest.validatePerformLogin" duration-ms="4159" status="PASS">
          <reporter-output>
          </reporter-output>
        </test-method> <!-- validateAddingProductToCart -->
        <test-method signature="validateProceedingToCheckout()[pri:0, instance:webPortalTest.endToEnd.CheckOutTest@44e4cb76]" started-at="2025-12-04T15:44:43 EET" name="validateProceedingToCheckout" finished-at="2025-12-04T15:44:47 EET" depends-on-methods="webPortalTest.endToEnd.CheckOutTest.validateAddingProductToCart, webPortalTest.endToEnd.CheckOutTest.validateNavigatingToCertainCategory, webPortalTest.endToEnd.CheckOutTest.validatePerformLogin" duration-ms="3964" status="PASS">
          <reporter-output>
          </reporter-output>
        </test-method> <!-- validateProceedingToCheckout -->
        <test-method signature="validateProceedingToConfirmationPage()[pri:0, instance:webPortalTest.endToEnd.CheckOutTest@44e4cb76]" started-at="2025-12-04T15:44:48 EET" name="validateProceedingToConfirmationPage" finished-at="2025-12-04T15:44:54 EET" depends-on-methods="webPortalTest.endToEnd.CheckOutTest.validateProceedingToCheckout, webPortalTest.endToEnd.CheckOutTest.validateAddingProductToCart, webPortalTest.endToEnd.CheckOutTest.validateNavigatingToCertainCategory, webPortalTest.endToEnd.CheckOutTest.validatePerformLogin" duration-ms="6758" status="PASS">
          <reporter-output>
          </reporter-output>
        </test-method> <!-- validateProceedingToConfirmationPage -->
        <test-method is-config="true" signature="tearDown()[pri:0, instance:webPortalTest.endToEnd.CheckOutTest@44e4cb76]" started-at="2025-12-04T15:44:55 EET" name="tearDown" finished-at="2025-12-04T15:44:58 EET" duration-ms="3001" status="PASS">
          <reporter-output>
          </reporter-output>
        </test-method> <!-- tearDown -->
      </class> <!-- webPortalTest.endToEnd.CheckOutTest -->
      <class name="webPortalTest.endToEnd.ElectronicBrandFilterTest">
        <test-method is-config="true" signature="setup()[pri:0, instance:webPortalTest.endToEnd.ElectronicBrandFilterTest@773c2214]" started-at="2025-12-04T15:45:54 EET" name="setup" finished-at="2025-12-04T15:46:01 EET" duration-ms="6563" status="PASS">
          <reporter-output>
          </reporter-output>
        </test-method> <!-- setup -->
        <test-method signature="validatePerformLogin()[pri:0, instance:webPortalTest.endToEnd.ElectronicBrandFilterTest@773c2214]" started-at="2025-12-04T15:46:01 EET" name="validatePerformLogin" finished-at="2025-12-04T15:46:04 EET" duration-ms="3317" status="PASS">
          <reporter-output>
          </reporter-output>
        </test-method> <!-- validatePerformLogin -->
        <test-method signature="validateNavigatingToCertainCategory()[pri:0, instance:webPortalTest.endToEnd.ElectronicBrandFilterTest@773c2214]" started-at="2025-12-04T15:46:05 EET" name="validateNavigatingToCertainCategory" finished-at="2025-12-04T15:46:07 EET" depends-on-methods="webPortalTest.endToEnd.ElectronicBrandFilterTest.validatePerformLogin" duration-ms="2333" status="PASS">
          <reporter-output>
          </reporter-output>
        </test-method> <!-- validateNavigatingToCertainCategory -->
        <test-method signature="validateProductFilters_TC()[pri:0, instance:webPortalTest.endToEnd.ElectronicBrandFilterTest@773c2214]" started-at="2025-12-04T15:46:07 EET" name="validateProductFilters_TC" finished-at="2025-12-04T15:46:08 EET" depends-on-methods="webPortalTest.endToEnd.ElectronicBrandFilterTest.validatePerformLogin, webPortalTest.endToEnd.ElectronicBrandFilterTest.validateNavigatingToCertainCategory" duration-ms="929" status="PASS">
          <reporter-output>
          </reporter-output>
        </test-method> <!-- validateProductFilters_TC -->
        <test-method is-config="true" signature="tearDown()[pri:0, instance:webPortalTest.endToEnd.ElectronicBrandFilterTest@773c2214]" started-at="2025-12-04T15:46:09 EET" name="tearDown" finished-at="2025-12-04T15:46:10 EET" duration-ms="1608" status="PASS">
          <reporter-output>
          </reporter-output>
        </test-method> <!-- tearDown -->
      </class> <!-- webPortalTest.endToEnd.ElectronicBrandFilterTest -->
      <class name="webPortalTest.endToEnd.LoginTest">
        <test-method is-config="true" signature="PreSetup()[pri:0, instance:webPortalTest.endToEnd.LoginTest@15e1f8fe]" started-at="2025-12-04T15:46:10 EET" name="PreSetup" finished-at="2025-12-04T15:46:10 EET" duration-ms="1" status="PASS">
          <reporter-output>
          </reporter-output>
        </test-method> <!-- PreSetup -->
        <test-method is-config="true" signature="setup()[pri:0, instance:webPortalTest.endToEnd.LoginTest@15e1f8fe]" started-at="2025-12-04T15:46:10 EET" name="setup" finished-at="2025-12-04T15:46:15 EET" duration-ms="5259" status="PASS">
          <reporter-output>
          </reporter-output>
        </test-method> <!-- setup -->
        <test-method signature="invalidUserLogin_TC()[pri:0, instance:webPortalTest.endToEnd.LoginTest@15e1f8fe]" started-at="2025-12-04T15:46:15 EET" name="invalidUserLogin_TC" finished-at="2025-12-04T15:46:18 EET" duration-ms="2398" status="PASS">
          <reporter-output>
          </reporter-output>
        </test-method> <!-- invalidUserLogin_TC -->
        <test-method is-config="true" signature="teardown()[pri:0, instance:webPortalTest.endToEnd.LoginTest@15e1f8fe]" started-at="2025-12-04T15:46:18 EET" name="teardown" finished-at="2025-12-04T15:46:21 EET" duration-ms="2756" status="PASS">
          <reporter-output>
          </reporter-output>
        </test-method> <!-- teardown -->
        <test-method is-config="true" signature="setup()[pri:0, instance:webPortalTest.endToEnd.LoginTest@15e1f8fe]" started-at="2025-12-04T15:46:21 EET" name="setup" finished-at="2025-12-04T15:46:27 EET" duration-ms="6202" status="PASS">
          <reporter-output>
          </reporter-output>
        </test-method> <!-- setup -->
        <test-method signature="invalidPasswordLogin_TC()[pri:1, instance:webPortalTest.endToEnd.LoginTest@15e1f8fe]" started-at="2025-12-04T15:46:27 EET" name="invalidPasswordLogin_TC" finished-at="2025-12-04T15:46:29 EET" duration-ms="2365" status="PASS">
          <reporter-output>
          </reporter-output>
        </test-method> <!-- invalidPasswordLogin_TC -->
        <test-method is-config="true" signature="teardown()[pri:0, instance:webPortalTest.endToEnd.LoginTest@15e1f8fe]" started-at="2025-12-04T15:46:30 EET" name="teardown" finished-at="2025-12-04T15:46:33 EET" duration-ms="3735" status="PASS">
          <reporter-output>
          </reporter-output>
        </test-method> <!-- teardown -->
        <test-method is-config="true" signature="setup()[pri:0, instance:webPortalTest.endToEnd.LoginTest@15e1f8fe]" started-at="2025-12-04T15:46:33 EET" name="setup" finished-at="2025-12-04T15:46:40 EET" duration-ms="6100" status="PASS">
          <reporter-output>
          </reporter-output>
        </test-method> <!-- setup -->
        <test-method signature="emptyMailLogin_TC()[pri:2, instance:webPortalTest.endToEnd.LoginTest@15e1f8fe]" started-at="2025-12-04T15:46:40 EET" name="emptyMailLogin_TC" finished-at="2025-12-04T15:46:42 EET" duration-ms="2466" status="PASS">
          <reporter-output>
          </reporter-output>
        </test-method> <!-- emptyMailLogin_TC -->
        <test-method is-config="true" signature="teardown()[pri:0, instance:webPortalTest.endToEnd.LoginTest@15e1f8fe]" started-at="2025-12-04T15:46:42 EET" name="teardown" finished-at="2025-12-04T15:46:45 EET" duration-ms="3114" status="PASS">
          <reporter-output>
          </reporter-output>
        </test-method> <!-- teardown -->
        <test-method is-config="true" signature="setup()[pri:0, instance:webPortalTest.endToEnd.LoginTest@15e1f8fe]" started-at="2025-12-04T15:46:45 EET" name="setup" finished-at="2025-12-04T15:46:52 EET" duration-ms="6173" status="PASS">
          <reporter-output>
          </reporter-output>
        </test-method> <!-- setup -->
        <test-method signature="emptyPasswordLogin_TC()[pri:2, instance:webPortalTest.endToEnd.LoginTest@15e1f8fe]" started-at="2025-12-04T15:46:52 EET" name="emptyPasswordLogin_TC" finished-at="2025-12-04T15:46:54 EET" duration-ms="2606" status="PASS">
          <reporter-output>
          </reporter-output>
        </test-method> <!-- emptyPasswordLogin_TC -->
        <test-method is-config="true" signature="teardown()[pri:0, instance:webPortalTest.endToEnd.LoginTest@15e1f8fe]" started-at="2025-12-04T15:46:54 EET" name="teardown" finished-at="2025-12-04T15:47:00 EET" duration-ms="5425" status="PASS">
          <reporter-output>
          </reporter-output>
        </test-method> <!-- teardown -->
        <test-method is-config="true" signature="setup()[pri:0, instance:webPortalTest.endToEnd.LoginTest@15e1f8fe]" started-at="2025-12-04T15:47:00 EET" name="setup" finished-at="2025-12-04T15:47:06 EET" duration-ms="6201" status="PASS">
          <reporter-output>
          </reporter-output>
        </test-method> <!-- setup -->
        <test-method signature="validLogin_TC()[pri:3, instance:webPortalTest.endToEnd.LoginTest@15e1f8fe]" started-at="2025-12-04T15:47:06 EET" name="validLogin_TC" finished-at="2025-12-04T15:47:09 EET" duration-ms="3359" status="PASS">
          <reporter-output>
          </reporter-output>
        </test-method> <!-- validLogin_TC -->
        <test-method is-config="true" signature="teardown()[pri:0, instance:webPortalTest.endToEnd.LoginTest@15e1f8fe]" started-at="2025-12-04T15:47:10 EET" name="teardown" finished-at="2025-12-04T15:47:13 EET" duration-ms="3818" status="PASS">
          <reporter-output>
          </reporter-output>
        </test-method> <!-- teardown -->
      </class> <!-- webPortalTest.endToEnd.LoginTest -->
      <class name="webPortalTest.endToEnd.AllCategoriesToCartTest">
        <test-method is-config="true" signature="setup()[pri:0, instance:webPortalTest.endToEnd.AllCategoriesToCartTest@7675c171]" started-at="2025-12-04T15:43:53 EET" name="setup" finished-at="2025-12-04T15:44:00 EET" duration-ms="6481" status="PASS">
          <reporter-output>
          </reporter-output>
        </test-method> <!-- setup -->
        <test-method signature="validatePerformLogin()[pri:0, instance:webPortalTest.endToEnd.AllCategoriesToCartTest@7675c171]" started-at="2025-12-04T15:44:00 EET" name="validatePerformLogin" finished-at="2025-12-04T15:44:03 EET" duration-ms="3131" status="PASS">
          <reporter-output>
          </reporter-output>
        </test-method> <!-- validatePerformLogin -->
        <test-method signature="validateNavigatingToCertainCategory()[pri:0, instance:webPortalTest.endToEnd.AllCategoriesToCartTest@7675c171]" started-at="2025-12-04T15:44:03 EET" name="validateNavigatingToCertainCategory" finished-at="2025-12-04T15:44:06 EET" depends-on-methods="webPortalTest.endToEnd.AllCategoriesToCartTest.validatePerformLogin" duration-ms="2204" status="PASS">
          <reporter-output>
          </reporter-output>
        </test-method> <!-- validateNavigatingToCertainCategory -->
        <test-method signature="validateAddingProductToCart()[pri:0, instance:webPortalTest.endToEnd.AllCategoriesToCartTest@7675c171]" started-at="2025-12-04T15:44:06 EET" name="validateAddingProductToCart" finished-at="2025-12-04T15:44:25 EET" depends-on-methods="webPortalTest.endToEnd.AllCategoriesToCartTest.validateNavigatingToCertainCategory, webPortalTest.endToEnd.AllCategoriesToCartTest.validatePerformLogin" duration-ms="19201" status="PASS">
          <reporter-output>
          </reporter-output>
        </test-method> <!-- validateAddingProductToCart -->
        <test-method is-config="true" signature="tearDown()[pri:0, instance:webPortalTest.endToEnd.AllCategoriesToCartTest@7675c171]" started-at="2025-12-04T15:44:25 EET" name="tearDown" finished-at="2025-12-04T15:44:27 EET" duration-ms="1860" status="PASS">
          <reporter-output>
          </reporter-output>
        </test-method> <!-- tearDown -->
      </class> <!-- webPortalTest.endToEnd.AllCategoriesToCartTest -->
      <class name="webPortalTest.endToEnd.ProductSizeFilterTest">
        <test-method is-config="true" signature="setup()[pri:0, instance:webPortalTest.endToEnd.ProductSizeFilterTest@626e0c86]" started-at="2025-12-04T15:48:23 EET" name="setup" finished-at="2025-12-04T15:48:28 EET" duration-ms="5442" status="PASS">
          <reporter-output>
          </reporter-output>
        </test-method> <!-- setup -->
        <test-method signature="validatePerformLogin()[pri:0, instance:webPortalTest.endToEnd.ProductSizeFilterTest@626e0c86]" started-at="2025-12-04T15:48:28 EET" name="validatePerformLogin" finished-at="2025-12-04T15:48:31 EET" duration-ms="2839" status="PASS">
          <reporter-output>
          </reporter-output>
        </test-method> <!-- validatePerformLogin -->
        <test-method signature="validateNavigatingToCertainCategory()[pri:0, instance:webPortalTest.endToEnd.ProductSizeFilterTest@626e0c86]" started-at="2025-12-04T15:48:31 EET" name="validateNavigatingToCertainCategory" finished-at="2025-12-04T15:48:33 EET" depends-on-methods="webPortalTest.endToEnd.ProductSizeFilterTest.validatePerformLogin" duration-ms="2131" status="PASS">
          <reporter-output>
          </reporter-output>
        </test-method> <!-- validateNavigatingToCertainCategory -->
        <test-method signature="validateProductSizeFilter_TC()[pri:0, instance:webPortalTest.endToEnd.ProductSizeFilterTest@626e0c86]" started-at="2025-12-04T15:48:34 EET" name="validateProductSizeFilter_TC" finished-at="2025-12-04T15:48:35 EET" depends-on-methods="webPortalTest.endToEnd.ProductSizeFilterTest.validateNavigatingToCertainCategory, webPortalTest.endToEnd.ProductSizeFilterTest.validatePerformLogin" duration-ms="1234" status="PASS">
          <reporter-output>
          </reporter-output>
        </test-method> <!-- validateProductSizeFilter_TC -->
        <test-method is-config="true" signature="tearDown()[pri:0, instance:webPortalTest.endToEnd.ProductSizeFilterTest@626e0c86]" started-at="2025-12-04T15:48:35 EET" name="tearDown" finished-at="2025-12-04T15:48:36 EET" duration-ms="1341" status="PASS">
          <reporter-output>
          </reporter-output>
        </test-method> <!-- tearDown -->
      </class> <!-- webPortalTest.endToEnd.ProductSizeFilterTest -->
      <class name="webPortalTest.endToEnd.ProductPriceFilterTest">
        <test-method is-config="true" signature="setup()[pri:0, instance:webPortalTest.endToEnd.ProductPriceFilterTest@78d23d6a]" started-at="2025-12-04T15:48:09 EET" name="setup" finished-at="2025-12-04T15:48:14 EET" duration-ms="5020" status="PASS">
          <reporter-output>
          </reporter-output>
        </test-method> <!-- setup -->
        <test-method signature="validatePerformLogin()[pri:0, instance:webPortalTest.endToEnd.ProductPriceFilterTest@78d23d6a]" started-at="2025-12-04T15:48:14 EET" name="validatePerformLogin" finished-at="2025-12-04T15:48:17 EET" duration-ms="3005" status="PASS">
          <reporter-output>
          </reporter-output>
        </test-method> <!-- validatePerformLogin -->
        <test-method signature="validateNavigatingToCertainCategory()[pri:0, instance:webPortalTest.endToEnd.ProductPriceFilterTest@78d23d6a]" started-at="2025-12-04T15:48:17 EET" name="validateNavigatingToCertainCategory" finished-at="2025-12-04T15:48:19 EET" depends-on-methods="webPortalTest.endToEnd.ProductPriceFilterTest.validatePerformLogin" duration-ms="2285" status="PASS">
          <reporter-output>
          </reporter-output>
        </test-method> <!-- validateNavigatingToCertainCategory -->
        <test-method signature="validateProductPriceFilter_TC()[pri:0, instance:webPortalTest.endToEnd.ProductPriceFilterTest@78d23d6a]" started-at="2025-12-04T15:48:20 EET" name="validateProductPriceFilter_TC" finished-at="2025-12-04T15:48:21 EET" depends-on-methods="webPortalTest.endToEnd.ProductPriceFilterTest.validateNavigatingToCertainCategory, webPortalTest.endToEnd.ProductPriceFilterTest.validatePerformLogin" duration-ms="1175" status="PASS">
          <reporter-output>
          </reporter-output>
        </test-method> <!-- validateProductPriceFilter_TC -->
        <test-method is-config="true" signature="tearDown()[pri:0, instance:webPortalTest.endToEnd.ProductPriceFilterTest@78d23d6a]" started-at="2025-12-04T15:48:21 EET" name="tearDown" finished-at="2025-12-04T15:48:23 EET" duration-ms="1480" status="PASS">
          <reporter-output>
          </reporter-output>
        </test-method> <!-- tearDown -->
      </class> <!-- webPortalTest.endToEnd.ProductPriceFilterTest -->
      <class name="webPortalTest.endToEnd.AddToCartTest">
        <test-method is-config="true" signature="setup()[pri:0, instance:webPortalTest.endToEnd.AddToCartTest@68af87ad]" started-at="2025-12-04T15:43:22 EET" name="setup" finished-at="2025-12-04T15:43:31 EET" duration-ms="9250" status="PASS">
          <reporter-output>
          </reporter-output>
        </test-method> <!-- setup -->
        <test-method signature="validatePerformLogin()[pri:0, instance:webPortalTest.endToEnd.AddToCartTest@68af87ad]" started-at="2025-12-04T15:43:31 EET" name="validatePerformLogin" finished-at="2025-12-04T15:43:37 EET" duration-ms="6001" status="PASS">
          <reporter-output>
          </reporter-output>
        </test-method> <!-- validatePerformLogin -->
        <test-method signature="validateNavigatingToCertainCategory()[pri:0, instance:webPortalTest.endToEnd.AddToCartTest@68af87ad]" started-at="2025-12-04T15:43:38 EET" name="validateNavigatingToCertainCategory" finished-at="2025-12-04T15:43:40 EET" depends-on-methods="webPortalTest.endToEnd.AddToCartTest.validatePerformLogin" duration-ms="2321" status="PASS">
          <reporter-output>
          </reporter-output>
        </test-method> <!-- validateNavigatingToCertainCategory -->
        <test-method signature="validateAddingProductToCart()[pri:0, instance:webPortalTest.endToEnd.AddToCartTest@68af87ad]" started-at="2025-12-04T15:43:40 EET" name="validateAddingProductToCart" finished-at="2025-12-04T15:43:46 EET" depends-on-methods="webPortalTest.endToEnd.AddToCartTest.validateNavigatingToCertainCategory, webPortalTest.endToEnd.AddToCartTest.validatePerformLogin" duration-ms="5314" status="PASS">
          <reporter-output>
          </reporter-output>
        </test-method> <!-- validateAddingProductToCart -->
        <test-method is-config="true" signature="tearDown()[pri:0, instance:webPortalTest.endToEnd.AddToCartTest@68af87ad]" started-at="2025-12-04T15:43:46 EET" name="tearDown" finished-at="2025-12-04T15:43:53 EET" duration-ms="7380" status="PASS">
          <reporter-output>
          </reporter-output>
        </test-method> <!-- tearDown -->
      </class> <!-- webPortalTest.endToEnd.AddToCartTest -->
      <class name="webPortalTest.endToEnd.ProductColorFilterTest">
        <test-method is-config="true" signature="setup()[pri:0, instance:webPortalTest.endToEnd.ProductColorFilterTest@6ee88e21]" started-at="2025-12-04T15:47:53 EET" name="setup" finished-at="2025-12-04T15:47:59 EET" duration-ms="5917" status="PASS">
          <reporter-output>
          </reporter-output>
        </test-method> <!-- setup -->
        <test-method signature="validatePerformLogin()[pri:0, instance:webPortalTest.endToEnd.ProductColorFilterTest@6ee88e21]" started-at="2025-12-04T15:47:59 EET" name="validatePerformLogin" finished-at="2025-12-04T15:48:02 EET" duration-ms="2846" status="PASS">
          <reporter-output>
          </reporter-output>
        </test-method> <!-- validatePerformLogin -->
        <test-method signature="validateNavigatingToCertainCategory()[pri:0, instance:webPortalTest.endToEnd.ProductColorFilterTest@6ee88e21]" started-at="2025-12-04T15:48:02 EET" name="validateNavigatingToCertainCategory" finished-at="2025-12-04T15:48:04 EET" depends-on-methods="webPortalTest.endToEnd.ProductColorFilterTest.validatePerformLogin" duration-ms="2144" status="PASS">
          <reporter-output>
          </reporter-output>
        </test-method> <!-- validateNavigatingToCertainCategory -->
        <test-method signature="validateProductColorFilter_TC()[pri:0, instance:webPortalTest.endToEnd.ProductColorFilterTest@6ee88e21]" started-at="2025-12-04T15:48:05 EET" name="validateProductColorFilter_TC" finished-at="2025-12-04T15:48:06 EET" depends-on-methods="webPortalTest.endToEnd.ProductColorFilterTest.validateNavigatingToCertainCategory, webPortalTest.endToEnd.ProductColorFilterTest.validatePerformLogin" duration-ms="1342" status="PASS">
          <reporter-output>
          </reporter-output>
        </test-method> <!-- validateProductColorFilter_TC -->
        <test-method is-config="true" signature="tearDown()[pri:0, instance:webPortalTest.endToEnd.ProductColorFilterTest@6ee88e21]" started-at="2025-12-04T15:48:06 EET" name="tearDown" finished-at="2025-12-04T15:48:09 EET" duration-ms="2725" status="PASS">
          <reporter-output>
          </reporter-output>
        </test-method> <!-- tearDown -->
      </class> <!-- webPortalTest.endToEnd.ProductColorFilterTest -->
      <class name="webPortalTest.endToEnd.OrderConfirmationTest">
        <test-method is-config="true" signature="setup()[pri:0, instance:webPortalTest.endToEnd.OrderConfirmationTest@110b7837]" started-at="2025-12-04T15:47:13 EET" name="setup" finished-at="2025-12-04T15:47:20 EET" duration-ms="6288" status="PASS">
          <reporter-output>
          </reporter-output>
        </test-method> <!-- setup -->
        <test-method signature="validatePerformLogin()[pri:0, instance:webPortalTest.endToEnd.OrderConfirmationTest@110b7837]" started-at="2025-12-04T15:47:20 EET" name="validatePerformLogin" finished-at="2025-12-04T15:47:23 EET" duration-ms="3305" status="PASS">
          <reporter-output>
          </reporter-output>
        </test-method> <!-- validatePerformLogin -->
        <test-method signature="validateNavigatingToCertainCategory()[pri:0, instance:webPortalTest.endToEnd.OrderConfirmationTest@110b7837]" started-at="2025-12-04T15:47:23 EET" name="validateNavigatingToCertainCategory" finished-at="2025-12-04T15:47:26 EET" depends-on-methods="webPortalTest.endToEnd.OrderConfirmationTest.validatePerformLogin" duration-ms="2458" status="PASS">
          <reporter-output>
          </reporter-output>
        </test-method> <!-- validateNavigatingToCertainCategory -->
        <test-method signature="validateAddingProductToCart()[pri:0, instance:webPortalTest.endToEnd.OrderConfirmationTest@110b7837]" started-at="2025-12-04T15:47:26 EET" name="validateAddingProductToCart" finished-at="2025-12-04T15:47:31 EET" depends-on-methods="webPortalTest.endToEnd.OrderConfirmationTest.validateNavigatingToCertainCategory, webPortalTest.endToEnd.OrderConfirmationTest.validatePerformLogin" duration-ms="4451" status="PASS">
          <reporter-output>
          </reporter-output>
        </test-method> <!-- validateAddingProductToCart -->
        <test-method signature="validateProceedingToCheckout()[pri:0, instance:webPortalTest.endToEnd.OrderConfirmationTest@110b7837]" started-at="2025-12-04T15:47:31 EET" name="validateProceedingToCheckout" finished-at="2025-12-04T15:47:34 EET" depends-on-methods="webPortalTest.endToEnd.OrderConfirmationTest.validateAddingProductToCart, webPortalTest.endToEnd.OrderConfirmationTest.validateNavigatingToCertainCategory, webPortalTest.endToEnd.OrderConfirmationTest.validatePerformLogin" duration-ms="3461" status="PASS">
          <reporter-output>
          </reporter-output>
        </test-method> <!-- validateProceedingToCheckout -->
        <test-method signature="validateConfirmationPageDetails()[pri:0, instance:webPortalTest.endToEnd.OrderConfirmationTest@110b7837]" started-at="2025-12-04T15:47:35 EET" name="validateConfirmationPageDetails" finished-at="2025-12-04T15:47:45 EET" depends-on-methods="webPortalTest.endToEnd.OrderConfirmationTest.validateProceedingToCheckout, webPortalTest.endToEnd.OrderConfirmationTest.validateAddingProductToCart, webPortalTest.endToEnd.OrderConfirmationTest.validateNavigatingToCertainCategory, webPortalTest.endToEnd.OrderConfirmationTest.validatePerformLogin" duration-ms="10682" status="PASS">
          <reporter-output>
          </reporter-output>
        </test-method> <!-- validateConfirmationPageDetails -->
        <test-method signature="validateSubmitOrder()[pri:0, instance:webPortalTest.endToEnd.OrderConfirmationTest@110b7837]" started-at="2025-12-04T15:47:46 EET" name="validateSubmitOrder" finished-at="2025-12-04T15:47:48 EET" depends-on-methods="webPortalTest.endToEnd.OrderConfirmationTest.validateProceedingToCheckout, webPortalTest.endToEnd.OrderConfirmationTest.validateConfirmationPageDetails, webPortalTest.endToEnd.OrderConfirmationTest.validateAddingProductToCart, webPortalTest.endToEnd.OrderConfirmationTest.validateNavigatingToCertainCategory, webPortalTest.endToEnd.OrderConfirmationTest.validatePerformLogin" duration-ms="2451" status="PASS">
          <reporter-output>
          </reporter-output>
        </test-method> <!-- validateSubmitOrder -->
        <test-method signature="validateShopAgain()[pri:0, instance:webPortalTest.endToEnd.OrderConfirmationTest@110b7837]" started-at="2025-12-04T15:47:48 EET" name="validateShopAgain" finished-at="2025-12-04T15:47:50 EET" depends-on-methods="webPortalTest.endToEnd.OrderConfirmationTest.validateProceedingToCheckout, webPortalTest.endToEnd.OrderConfirmationTest.validateConfirmationPageDetails, webPortalTest.endToEnd.OrderConfirmationTest.validateSubmitOrder, webPortalTest.endToEnd.OrderConfirmationTest.validateAddingProductToCart, webPortalTest.endToEnd.OrderConfirmationTest.validateNavigatingToCertainCategory, webPortalTest.endToEnd.OrderConfirmationTest.validatePerformLogin" duration-ms="1896" status="PASS">
          <reporter-output>
          </reporter-output>
        </test-method> <!-- validateShopAgain -->
        <test-method is-config="true" signature="teardown()[pri:0, instance:webPortalTest.endToEnd.OrderConfirmationTest@110b7837]" started-at="2025-12-04T15:47:51 EET" name="teardown" finished-at="2025-12-04T15:47:53 EET" duration-ms="2245" status="PASS">
          <reporter-output>
          </reporter-output>
        </test-method> <!-- teardown -->
      </class> <!-- webPortalTest.endToEnd.OrderConfirmationTest -->
      <class name="webPortalTest.endToEnd.ProductTypeFilterTest">
        <test-method is-config="true" signature="setup()[pri:0, instance:webPortalTest.endToEnd.ProductTypeFilterTest@28ee0a3c]" started-at="2025-12-04T15:48:36 EET" name="setup" finished-at="2025-12-04T15:48:42 EET" duration-ms="5426" status="PASS">
          <reporter-output>
          </reporter-output>
        </test-method> <!-- setup -->
        <test-method signature="validatePerformLogin()[pri:0, instance:webPortalTest.endToEnd.ProductTypeFilterTest@28ee0a3c]" started-at="2025-12-04T15:48:42 EET" name="validatePerformLogin" finished-at="2025-12-04T15:48:45 EET" duration-ms="2798" status="PASS">
          <reporter-output>
          </reporter-output>
        </test-method> <!-- validatePerformLogin -->
        <test-method signature="validateNavigatingToCertainCategory()[pri:0, instance:webPortalTest.endToEnd.ProductTypeFilterTest@28ee0a3c]" started-at="2025-12-04T15:48:45 EET" name="validateNavigatingToCertainCategory" finished-at="2025-12-04T15:48:47 EET" depends-on-methods="webPortalTest.endToEnd.ProductTypeFilterTest.validatePerformLogin" duration-ms="2044" status="PASS">
          <reporter-output>
          </reporter-output>
        </test-method> <!-- validateNavigatingToCertainCategory -->
        <test-method signature="validateProductTypeFilters_TC()[pri:0, instance:webPortalTest.endToEnd.ProductTypeFilterTest@28ee0a3c]" started-at="2025-12-04T15:48:47 EET" name="validateProductTypeFilters_TC" finished-at="2025-12-04T15:48:48 EET" depends-on-methods="webPortalTest.endToEnd.ProductTypeFilterTest.validateNavigatingToCertainCategory, webPortalTest.endToEnd.ProductTypeFilterTest.validatePerformLogin" duration-ms="1172" status="PASS">
          <reporter-output>
          </reporter-output>
        </test-method> <!-- validateProductTypeFilters_TC -->
        <test-method is-config="true" signature="tearDown()[pri:0, instance:webPortalTest.endToEnd.ProductTypeFilterTest@28ee0a3c]" started-at="2025-12-04T15:48:48 EET" name="tearDown" finished-at="2025-12-04T15:48:50 EET" duration-ms="1410" status="PASS">
          <reporter-output>
          </reporter-output>
        </test-method> <!-- tearDown -->
      </class> <!-- webPortalTest.endToEnd.ProductTypeFilterTest -->
      <class name="webPortalTest.endToEnd.ShopTest">
        <test-method is-config="true" signature="setup()[pri:0, instance:webPortalTest.endToEnd.ShopTest@6b8d54da]" started-at="2025-12-04T15:49:14 EET" name="setup" finished-at="2025-12-04T15:49:20 EET" duration-ms="6093" status="PASS">
          <reporter-output>
          </reporter-output>
        </test-method> <!-- setup -->
        <test-method signature="validateCategoriesPresence_TC()[pri:0, instance:webPortalTest.endToEnd.ShopTest@6b8d54da]" started-at="2025-12-04T15:49:20 EET" name="validateCategoriesPresence_TC" finished-at="2025-12-04T15:49:23 EET" duration-ms="3246" status="PASS">
          <reporter-output>
          </reporter-output>
        </test-method> <!-- validateCategoriesPresence_TC -->
        <test-method signature="validateNavigationToProductPage_TC()[pri:0, instance:webPortalTest.endToEnd.ShopTest@6b8d54da]" started-at="2025-12-04T15:49:23 EET" name="validateNavigationToProductPage_TC" finished-at="2025-12-04T15:49:26 EET" depends-on-methods="webPortalTest.endToEnd.ShopTest.validateCategoriesPresence_TC" duration-ms="2337" status="PASS">
          <reporter-output>
          </reporter-output>
        </test-method> <!-- validateNavigationToProductPage_TC -->
        <test-method is-config="true" signature="teardown()[pri:0, instance:webPortalTest.endToEnd.ShopTest@6b8d54da]" started-at="2025-12-04T15:49:26 EET" name="teardown" finished-at="2025-12-04T15:49:28 EET" duration-ms="1653" status="PASS">
          <reporter-output>
          </reporter-output>
        </test-method> <!-- teardown -->
      </class> <!-- webPortalTest.endToEnd.ShopTest -->
      <class name="webPortalTest.endToEnd.CheckoutWithInvalidPhoneTest">
        <test-method is-config="true" signature="setup()[pri:0, instance:webPortalTest.endToEnd.CheckoutWithInvalidPhoneTest@2f9a10df]" started-at="2025-12-04T15:45:25 EET" name="setup" finished-at="2025-12-04T15:45:31 EET" duration-ms="6663" status="PASS">
          <reporter-output>
          </reporter-output>
        </test-method> <!-- setup -->
        <test-method signature="validatePerformLogin()[pri:0, instance:webPortalTest.endToEnd.CheckoutWithInvalidPhoneTest@2f9a10df]" started-at="2025-12-04T15:45:31 EET" name="validatePerformLogin" finished-at="2025-12-04T15:45:34 EET" duration-ms="3026" status="PASS">
          <reporter-output>
          </reporter-output>
        </test-method> <!-- validatePerformLogin -->
        <test-method signature="validateNavigatingToCertainCategory()[pri:0, instance:webPortalTest.endToEnd.CheckoutWithInvalidPhoneTest@2f9a10df]" started-at="2025-12-04T15:45:35 EET" name="validateNavigatingToCertainCategory" finished-at="2025-12-04T15:45:37 EET" depends-on-methods="webPortalTest.endToEnd.CheckoutWithInvalidPhoneTest.validatePerformLogin" duration-ms="2259" status="PASS">
          <reporter-output>
          </reporter-output>
        </test-method> <!-- validateNavigatingToCertainCategory -->
        <test-method signature="validateAddingProductToCart()[pri:0, instance:webPortalTest.endToEnd.CheckoutWithInvalidPhoneTest@2f9a10df]" started-at="2025-12-04T15:45:37 EET" name="validateAddingProductToCart" finished-at="2025-12-04T15:45:42 EET" depends-on-methods="webPortalTest.endToEnd.CheckoutWithInvalidPhoneTest.validatePerformLogin, webPortalTest.endToEnd.CheckoutWithInvalidPhoneTest.validateNavigatingToCertainCategory" duration-ms="4452" status="PASS">
          <reporter-output>
          </reporter-output>
        </test-method> <!-- validateAddingProductToCart -->
        <test-method signature="checkoutWithInvalidPhone()[pri:0, instance:webPortalTest.endToEnd.CheckoutWithInvalidPhoneTest@2f9a10df]" started-at="2025-12-04T15:45:42 EET" name="checkoutWithInvalidPhone" finished-at="2025-12-04T15:45:50 EET" depends-on-methods="webPortalTest.endToEnd.CheckoutWithInvalidPhoneTest.validateAddingProductToCart, webPortalTest.endToEnd.CheckoutWithInvalidPhoneTest.validatePerformLogin, webPortalTest.endToEnd.CheckoutWithInvalidPhoneTest.validateNavigatingToCertainCategory" duration-ms="8053" status="PASS">
          <reporter-output>
          </reporter-output>
        </test-method> <!-- checkoutWithInvalidPhone -->
        <test-method is-config="true" signature="tearDown()[pri:0, instance:webPortalTest.endToEnd.CheckoutWithInvalidPhoneTest@2f9a10df]" started-at="2025-12-04T15:45:50 EET" name="tearDown" finished-at="2025-12-04T15:45:54 EET" duration-ms="4254" status="PASS">
          <reporter-output>
          </reporter-output>
        </test-method> <!-- tearDown -->
      </class> <!-- webPortalTest.endToEnd.CheckoutWithInvalidPhoneTest -->
    </test> <!-- Surefire test -->
  </suite> <!-- Surefire suite -->
</testng-results>
