<?xml version="1.0" encoding="UTF-8"?>
<testsuite xmlns:xsi="http://www.w3.org/2001/XMLSchema-instance" xsi:noNamespaceSchemaLocation="https://maven.apache.org/surefire/maven-surefire-plugin/xsd/surefire-test-report-3.0.xsd" version="3.0" name="TestSuite" time="423.681" tests="56" errors="0" skipped="0" failures="0">
  <properties>
[...]
</properties>
  <testcase name="validatePerformLogin" classname="webPortalTest.endToEnd.AddToCartTest" time="6.635">
    <system-out><![CDATA[&amp#27;[34m[INFO] - [04-12-2025 15:43:17] [main] [standingListners.TestNGListners] - Test Execution started&amp#27;[m
&amp#27;[34m[INFO] - [04-12-2025 15:43:17] [main] [listenerUtils.ListenersAssistant] - allure-results directory cleaned&amp#27;[m
&amp#27;[34m[INFO] - [04-12-2025 15:43:17] [main] [listenerUtils.ListenersAssistant] - ScreenShots directory cleaned&amp#27;[m
&amp#27;[34m[INFO] - [04-12-2025 15:43:17] [main] [listenerUtils.ListenersAssistant] - Recordings directory cleaned&amp#27;[m
&amp#27;[34m[INFO] - [04-12-2025 15:43:17] [main] [fileUtils.FileAndTerminalManager] - File deleted: D:\QA-AutomationLabs_ITIFinalProject\test-output\Logs\logs.log&amp#27;[m
&amp#27;[34m[INFO] - [04-12-2025 15:43:17] [main] [listenerUtils.ListenersAssistant] - Logs directory cleaned&amp#27;[m
&amp#27;[34m[INFO] - [04-12-2025 15:43:17] [main] [fileUtils.FileAndTerminalManager] - Directory created:  D:\QA-AutomationLabs_ITIFinalProject\test-output\screenshots&amp#27;[m
&amp#27;[34m[INFO] - [04-12-2025 15:43:17] [main] [listenerUtils.ListenersAssistant] - ScreenShots directory Created&amp#27;[m
&amp#27;[34m[INFO] - [04-12-2025 15:43:17] [main] [fileUtils.FileAndTerminalManager] - Directory created:  D:\QA-AutomationLabs_ITIFinalProject\test-output\recordings&amp#27;[m
&amp#27;[34m[INFO] - [04-12-2025 15:43:17] [main] [listenerUtils.ListenersAssistant] - Recordings directory Created&amp#27;[m
&amp#27;[34m[INFO] - [04-12-2025 15:43:20] [main] [reports.AllureSetupEnvironment] - Environment properties file created: D:\QA-AutomationLabs_ITIFinalProject\test-output\allure-results\environment.properties&amp#27;[m
&amp#27;[34m[INFO] - [04-12-2025 15:43:20] [main] [reports.AllureSetupEnvironment] - Allure already installed: C:\Users\king\.m2\repository\allure\allure-2.35.1&amp#27;[m
&amp#27;[34m[INFO] - [04-12-2025 15:43:22] [main] [driverFactory.WebDriverFactory] - Starting driver for browser: EDGE&amp#27;[m
&amp#27;[32;1m[DEBUG] - [04-12-2025 15:43:32] [main] [com.jayway.jsonpath.internal.path.CompiledPath] - Evaluating path: $['CartLogin']['username']&amp#27;[m
&amp#27;[32;1m[DEBUG] - [04-12-2025 15:43:32] [main] [com.jayway.jsonpath.internal.path.CompiledPath] - Evaluating path: $['CartLogin']['password']&amp#27;[m
&amp#27;[34m[INFO] - [04-12-2025 15:43:33] [main] [utilActions.ElementActions] - Text entered in element: By.id: email - Text: demo@demo.com&amp#27;[m
&amp#27;[34m[INFO] - [04-12-2025 15:43:34] [main] [utilActions.ElementActions] - Text entered in element: By.id: password - Text: demo&amp#27;[m
&amp#27;[34m[INFO] - [04-12-2025 15:43:37] [main] [utilActions.ElementActions] - Element clicked: By.id: loginBtn&amp#27;[m
&amp#27;[34m[INFO] - [04-12-2025 15:43:37] [main] [utilActions.ElementActions] - Text retrieved from element: By.cssSelector: .breadcrumb - Text: Home
Shop&amp#27;[m
&amp#27;[34m[INFO] - [04-12-2025 15:43:37] [main] [reports.AllureAttachmentManager] - Screenshot is Attached Successfully: D:\QA-AutomationLabs_ITIFinalProject\test-output\screenshots\validatePerformLogin.png&amp#27;[m
&amp#27;[34m[INFO] - [04-12-2025 15:43:37] [main] [coreMedia.ScreenshotsManager] - Successed To Capture Screenshot &amp#27;[m
&amp#27;[34m[INFO] - [04-12-2025 15:43:37] [main] [reports.AllureAttachmentManager] - Logs is Attached Successfully&amp#27;[m
]]></system-out>
    <system-err><![CDATA[Dec 04, 2025 3:43:24 PM org.openqa.selenium.manager.SeleniumManager lambda$runCommand$1
WARNING: There was an error managing msedgedriver (error sending request for url (https://msedgedriver.azureedge.net/LATEST_RELEASE_142_WINDOWS)); using driver found in the cache
Dec 04, 2025 3:43:29 PM org.openqa.selenium.devtools.CdpVersionFinder findNearestMatch
WARNING: Unable to find CDP implementation matching 142
Dec 04, 2025 3:43:29 PM org.openqa.selenium.chromium.ChromiumDriver lambda$new$4
WARNING: Unable to find version of CDP to use for 142.0.3595.94. You may need to include a dependency on a specific version of the CDP using something similar to `org.seleniumhq.selenium:selenium-devtools-v86:4.29.0` where the version ("v86") matches the version of the chromium-based browser you're using and the version number of the artifact is the same as Selenium's.
]]></system-err>
  </testcase>
  <testcase name="validateNavigatingToCertainCategory" classname="webPortalTest.endToEnd.AddToCartTest" time="2.608">
    <system-out><![CDATA[&amp#27;[34m[INFO] - [04-12-2025 15:43:40] [main] [utilActions.ElementActions] - Element clicked: By.xpath: //div[@class='offer-text']/a[@href='mens-wear.php']&amp#27;[m
[DEBUG] Men_Fashion => mens-wear
&amp#27;[34m[INFO] - [04-12-2025 15:43:40] [main] [businessPages.QA_MenFashion] - Product page is loaded&amp#27;[m
&amp#27;[34m[INFO] - [04-12-2025 15:43:40] [main] [utilActions.ElementActions] - Text retrieved from element: By.cssSelector: span.breadcrumb-item - Text: Mens Wear&amp#27;[m
&amp#27;[34m[INFO] - [04-12-2025 15:43:40] [main] [reports.AllureAttachmentManager] - Screenshot is Attached Successfully: D:\QA-AutomationLabs_ITIFinalProject\test-output\screenshots\validateNavigatingToCertainCategory.png&amp#27;[m
&amp#27;[34m[INFO] - [04-12-2025 15:43:40] [main] [coreMedia.ScreenshotsManager] - Successed To Capture Screenshot &amp#27;[m
&amp#27;[34m[INFO] - [04-12-2025 15:43:40] [main] [reports.AllureAttachmentManager] - Logs is Attached Successfully&amp#27;[m
]]></system-out>
  </testcase>
  <testcase name="validateAddingProductToCart" classname="webPortalTest.endToEnd.AddToCartTest" time="5.652">
    <system-out><![CDATA[&amp#27;[34m[INFO] - [04-12-2025 15:43:41] [main] [utilActions.ElementActions] - Element clicked: By.xpath: //a[.='Black T-Shirt']/following::button[contains(@class, 'addToCart')][1]&amp#27;[m
&amp#27;[34m[INFO] - [04-12-2025 15:43:43] [main] [utilActions.ElementActions] - Element clicked: By.cssSelector: a>i.fa-2x&amp#27;[m
&amp#27;[34m[INFO] - [04-12-2025 15:43:44] [main] [utilActions.ElementActions] - Text retrieved from element: By.xpath: //td[contains(text(), 'Black T-Shirt')] - Text: Black T-Shirt&amp#27;[m
&amp#27;[34m[INFO] - [04-12-2025 15:43:44] [main] [utilActions.ElementActions] - Text retrieved from element: By.xpath: //td[contains(text(),'Black T-Shirt')]/following-sibling::td[1] - Text: $150&amp#27;[m
&amp#27;[34m[INFO] - [04-12-2025 15:43:45] [main] [utilActions.ElementActions] - Attribute value retrieved from element: By.xpath: //td[contains(text(),'Black T-Shirt')]/following-sibling::td[2]/input - Text: 1&amp#27;[m
&amp#27;[34m[INFO] - [04-12-2025 15:43:45] [main] [utilActions.ElementActions] - Text retrieved from element: By.xpath: //td[contains(text(),'Black T-Shirt')]/following-sibling::td[3] - Text: $150&amp#27;[m
&amp#27;[34m[INFO] - [04-12-2025 15:43:45] [main] [utilActions.ElementActions] - Text retrieved from element: By.id: totalPrice - Text: Total: $150&amp#27;[m
&amp#27;[34m[INFO] - [04-12-2025 15:43:46] [main] [utilActions.ElementActions] - Text retrieved from element: By.cssSelector: span.breadcrumb-item - Text: Cart&amp#27;[m
&amp#27;[34m[INFO] - [04-12-2025 15:43:46] [main] [reports.AllureAttachmentManager] - Screenshot is Attached Successfully: D:\QA-AutomationLabs_ITIFinalProject\test-output\screenshots\validateAddingProductToCart.png&amp#27;[m
&amp#27;[34m[INFO] - [04-12-2025 15:43:46] [main] [coreMedia.ScreenshotsManager] - Successed To Capture Screenshot &amp#27;[m
&amp#27;[34m[INFO] - [04-12-2025 15:43:46] [main] [reports.AllureAttachmentManager] - Logs is Attached Successfully&amp#27;[m
]]></system-out>
  </testcase>
  <testcase name="validatePerformLogin" classname="webPortalTest.endToEnd.AllCategoriesToCartTest" time="3.48">
    <system-out><![CDATA[&amp#27;[34m[INFO] - [04-12-2025 15:43:53] [main] [driverFactory.WebDriverFactory] - Starting driver for browser: EDGE&amp#27;[m
&amp#27;[34m[INFO] - [04-12-2025 15:44:01] [main] [utilActions.ElementActions] - Text entered in element: By.id: email - Text: demo@demo.com&amp#27;[m
&amp#27;[34m[INFO] - [04-12-2025 15:44:01] [main] [utilActions.ElementActions] - Text entered in element: By.id: password - Text: demo&amp#27;[m
&amp#27;[34m[INFO] - [04-12-2025 15:44:03] [main] [utilActions.ElementActions] - Element clicked: By.id: loginBtn&amp#27;[m
&amp#27;[34m[INFO] - [04-12-2025 15:44:03] [main] [utilActions.ElementActions] - Text retrieved from element: By.cssSelector: .breadcrumb - Text: Home
Shop&amp#27;[m
&amp#27;[34m[INFO] - [04-12-2025 15:44:03] [main] [reports.AllureAttachmentManager] - Screenshot is Attached Successfully: D:\QA-AutomationLabs_ITIFinalProject\test-output\screenshots\validatePerformLogin.png&amp#27;[m
&amp#27;[34m[INFO] - [04-12-2025 15:44:03] [main] [coreMedia.ScreenshotsManager] - Successed To Capture Screenshot &amp#27;[m
&amp#27;[34m[INFO] - [04-12-2025 15:44:03] [main] [reports.AllureAttachmentManager] - Logs is Attached Successfully&amp#27;[m
]]></system-out>
    <system-err><![CDATA[Dec 04, 2025 3:43:55 PM org.openqa.selenium.manager.SeleniumManager lambda$runCommand$1
WARNING: There was an error managing msedgedriver (error sending request for url (https://msedgedriver.azureedge.net/LATEST_RELEASE_142_WINDOWS)); using driver found in the cache
Dec 04, 2025 3:43:57 PM org.openqa.selenium.devtools.CdpVersionFinder findNearestMatch
WARNING: Unable to find CDP implementation matching 142
Dec 04, 2025 3:43:57 PM org.openqa.selenium.chromium.ChromiumDriver lambda$new$4
WARNING: Unable to find version of CDP to use for 142.0.3595.94. You may need to include a dependency on a specific version of the CDP using something similar to `org.seleniumhq.selenium:selenium-devtools-v86:4.29.0` where the version ("v86") matches the version of the chromium-based browser you're using and the version number of the artifact is the same as Selenium's.
]]></system-err>
  </testcase>
  <testcase name="validateNavigatingToCertainCategory" classname="webPortalTest.endToEnd.AllCategoriesToCartTest" time="2.602">
    <system-out><![CDATA[&amp#27;[34m[INFO] - [04-12-2025 15:44:05] [main] [utilActions.ElementActions] - Element clicked: By.xpath: //div[@class='offer-text']/a[@href='mens-wear.php']&amp#27;[m
[DEBUG] Men_Fashion => mens-wear
&amp#27;[34m[INFO] - [04-12-2025 15:44:05] [main] [businessPages.QA_MenFashion] - Product page is loaded&amp#27;[m
&amp#27;[34m[INFO] - [04-12-2025 15:44:06] [main] [utilActions.ElementActions] - Text retrieved from element: By.cssSelector: span.breadcrumb-item - Text: Mens Wear&amp#27;[m
&amp#27;[34m[INFO] - [04-12-2025 15:44:06] [main] [reports.AllureAttachmentManager] - Screenshot is Attached Successfully: D:\QA-AutomationLabs_ITIFinalProject\test-output\screenshots\validateNavigatingToCertainCategory.png&amp#27;[m
&amp#27;[34m[INFO] - [04-12-2025 15:44:06] [main] [coreMedia.ScreenshotsManager] - Successed To Capture Screenshot &amp#27;[m
&amp#27;[34m[INFO] - [04-12-2025 15:44:06] [main] [reports.AllureAttachmentManager] - Logs is Attached Successfully&amp#27;[m
]]></system-out>
  </testcase>
  <testcase name="validateAddingProductToCart" classname="webPortalTest.endToEnd.AllCategoriesToCartTest" time="19.382">
    <system-out><![CDATA[&amp#27;[34m[INFO] - [04-12-2025 15:44:07] [main] [utilActions.ElementActions] - Element clicked: By.xpath: //a[.='Black T-Shirt']/following::button[contains(@class, 'addToCart')][1]&amp#27;[m
&amp#27;[34m[INFO] - [04-12-2025 15:44:07] [main] [utilActions.ElementActions] - Element clicked: By.xpath: //a[@class='nav-link dropdown-toggle' and normalize-space()='Shop']&amp#27;[m
&amp#27;[34m[INFO] - [04-12-2025 15:44:08] [main] [utilActions.ElementActions] - Element clicked: By.xpath: //a[@class='nav-link dropdown-toggle' and normalize-space()='Shop']&amp#27;[m
&amp#27;[34m[INFO] - [04-12-2025 15:44:10] [main] [utilActions.ElementActions] - Element clicked: By.xpath: //a[normalize-space()='Womens Wear']&amp#27;[m
&amp#27;[34m[INFO] - [04-12-2025 15:44:10] [main] [utilActions.ElementActions] - Element clicked: By.xpath: //a[.='Pant Top set']/following::button[contains(@class, 'addToCart')][1]&amp#27;[m
&amp#27;[34m[INFO] - [04-12-2025 15:44:11] [main] [utilActions.ElementActions] - Hovered over element: By.xpath: //a[@class='nav-link dropdown-toggle' and normalize-space()='Shop']&amp#27;[m
&amp#27;[34m[INFO] - [04-12-2025 15:44:12] [main] [utilActions.ElementActions] - Element clicked: By.xpath: //a[@class='nav-link dropdown-toggle' and normalize-space()='Shop']&amp#27;[m
&amp#27;[34m[INFO] - [04-12-2025 15:44:12] [main] [utilActions.ElementActions] - Element clicked: By.xpath: //a[@class='nav-link dropdown-toggle' and normalize-space()='Shop']&amp#27;[m
&amp#27;[34m[INFO] - [04-12-2025 15:44:14] [main] [utilActions.ElementActions] - Element clicked: By.xpath: //a[normalize-space()='Kids Wear']&amp#27;[m
&amp#27;[34m[INFO] - [04-12-2025 15:44:15] [main] [utilActions.ElementActions] - Element clicked: By.xpath: //a[.='A Line Frock']/following::button[contains(@class, 'addToCart')][1]&amp#27;[m
&amp#27;[34m[INFO] - [04-12-2025 15:44:15] [main] [utilActions.ElementActions] - Hovered over element: By.xpath: //a[@class='nav-link dropdown-toggle' and normalize-space()='Shop']&amp#27;[m
&amp#27;[34m[INFO] - [04-12-2025 15:44:15] [main] [utilActions.ElementActions] - Element clicked: By.xpath: //a[@class='nav-link dropdown-toggle' and normalize-space()='Shop']&amp#27;[m
&amp#27;[34m[INFO] - [04-12-2025 15:44:16] [main] [utilActions.ElementActions] - Element clicked: By.xpath: //a[@class='nav-link dropdown-toggle' and normalize-space()='Shop']&amp#27;[m
&amp#27;[34m[INFO] - [04-12-2025 15:44:17] [main] [utilActions.ElementActions] - Element clicked: By.xpath: //a[normalize-space()='Electronics']&amp#27;[m
&amp#27;[34m[INFO] - [04-12-2025 15:44:18] [main] [utilActions.ElementActions] - Element clicked: By.xpath: //a[.='LG Mobile']/following::button[contains(@class, 'addToCart')][1]&amp#27;[m
&amp#27;[34m[INFO] - [04-12-2025 15:44:19] [main] [utilActions.ElementActions] - Element clicked: By.cssSelector: a>i.fa-2x&amp#27;[m
&amp#27;[34m[INFO] - [04-12-2025 15:44:20] [main] [utilActions.ElementActions] - Text retrieved from element: By.xpath: //td[contains(text(), 'Black T-Shirt')] - Text: Black T-Shirt&amp#27;[m
&amp#27;[34m[INFO] - [04-12-2025 15:44:20] [main] [utilActions.ElementActions] - Text retrieved from element: By.xpath: //td[contains(text(),'Black T-Shirt')]/following-sibling::td[1] - Text: $150&amp#27;[m
&amp#27;[34m[INFO] - [04-12-2025 15:44:20] [main] [utilActions.ElementActions] - Attribute value retrieved from element: By.xpath: //td[contains(text(),'Black T-Shirt')]/following-sibling::td[2]/input - Text: 1&amp#27;[m
&amp#27;[34m[INFO] - [04-12-2025 15:44:21] [main] [utilActions.ElementActions] - Text retrieved from element: By.xpath: //td[contains(text(),'Black T-Shirt')]/following-sibling::td[3] - Text: $150&amp#27;[m
&amp#27;[34m[INFO] - [04-12-2025 15:44:21] [main] [utilActions.ElementActions] - Text retrieved from element: By.xpath: //td[contains(text(), 'Pant Top set')] - Text: Pant Top set&amp#27;[m
&amp#27;[34m[INFO] - [04-12-2025 15:44:21] [main] [utilActions.ElementActions] - Text retrieved from element: By.xpath: //td[contains(text(),'Pant Top set')]/following-sibling::td[1] - Text: $230&amp#27;[m
&amp#27;[34m[INFO] - [04-12-2025 15:44:22] [main] [utilActions.ElementActions] - Attribute value retrieved from element: By.xpath: //td[contains(text(),'Pant Top set')]/following-sibling::td[2]/input - Text: 1&amp#27;[m
&amp#27;[34m[INFO] - [04-12-2025 15:44:22] [main] [utilActions.ElementActions] - Text retrieved from element: By.xpath: //td[contains(text(),'Pant Top set')]/following-sibling::td[3] - Text: $230&amp#27;[m
&amp#27;[34m[INFO] - [04-12-2025 15:44:22] [main] [utilActions.ElementActions] - Text retrieved from element: By.xpath: //td[contains(text(), 'A Line Frock')] - Text: A Line Frock&amp#27;[m
&amp#27;[34m[INFO] - [04-12-2025 15:44:23] [main] [utilActions.ElementActions] - Text retrieved from element: By.xpath: //td[contains(text(),'A Line Frock')]/following-sibling::td[1] - Text: $140&amp#27;[m
&amp#27;[34m[INFO] - [04-12-2025 15:44:23] [main] [utilActions.ElementActions] - Attribute value retrieved from element: By.xpath: //td[contains(text(),'A Line Frock')]/following-sibling::td[2]/input - Text: 1&amp#27;[m
&amp#27;[34m[INFO] - [04-12-2025 15:44:23] [main] [utilActions.ElementActions] - Text retrieved from element: By.xpath: //td[contains(text(),'A Line Frock')]/following-sibling::td[3] - Text: $140&amp#27;[m
&amp#27;[34m[INFO] - [04-12-2025 15:44:24] [main] [utilActions.ElementActions] - Text retrieved from element: By.xpath: //td[contains(text(), 'LG Mobile')] - Text: LG Mobile&amp#27;[m
&amp#27;[34m[INFO] - [04-12-2025 15:44:24] [main] [utilActions.ElementActions] - Text retrieved from element: By.xpath: //td[contains(text(),'LG Mobile')]/following-sibling::td[1] - Text: $500&amp#27;[m
&amp#27;[34m[INFO] - [04-12-2025 15:44:24] [main] [utilActions.ElementActions] - Attribute value retrieved from element: By.xpath: //td[contains(text(),'LG Mobile')]/following-sibling::td[2]/input - Text: 1&amp#27;[m
&amp#27;[34m[INFO] - [04-12-2025 15:44:25] [main] [utilActions.ElementActions] - Text retrieved from element: By.xpath: //td[contains(text(),'LG Mobile')]/following-sibling::td[3] - Text: $500&amp#27;[m
&amp#27;[34m[INFO] - [04-12-2025 15:44:25] [main] [utilActions.ElementActions] - Text retrieved from element: By.id: totalPrice - Text: Total: $1020&amp#27;[m
&amp#27;[34m[INFO] - [04-12-2025 15:44:25] [main] [utilActions.ElementActions] - Text retrieved from element: By.cssSelector: span.breadcrumb-item - Text: Cart&amp#27;[m
&amp#27;[34m[INFO] - [04-12-2025 15:44:25] [main] [reports.AllureAttachmentManager] - Screenshot is Attached Successfully: D:\QA-AutomationLabs_ITIFinalProject\test-output\screenshots\validateAddingProductToCart.png&amp#27;[m
&amp#27;[34m[INFO] - [04-12-2025 15:44:25] [main] [coreMedia.ScreenshotsManager] - Successed To Capture Screenshot &amp#27;[m
&amp#27;[34m[INFO] - [04-12-2025 15:44:25] [main] [reports.AllureAttachmentManager] - Logs is Attached Successfully&amp#27;[m
]]></system-out>
  </testcase>
  <testcase name="validatePerformLogin" classname="webPortalTest.endToEnd.CheckOutTest" time="3.169">
    <system-out><![CDATA[&amp#27;[34m[INFO] - [04-12-2025 15:44:27] [main] [driverFactory.WebDriverFactory] - Starting driver for browser: EDGE&amp#27;[m
&amp#27;[34m[INFO] - [04-12-2025 15:44:34] [main] [utilActions.ElementActions] - Text entered in element: By.id: email - Text: demo@demo.com&amp#27;[m
&amp#27;[34m[INFO] - [04-12-2025 15:44:34] [main] [utilActions.ElementActions] - Text entered in element: By.id: password - Text: demo&amp#27;[m
&amp#27;[34m[INFO] - [04-12-2025 15:44:36] [main] [utilActions.ElementActions] - Element clicked: By.id: loginBtn&amp#27;[m
&amp#27;[34m[INFO] - [04-12-2025 15:44:36] [main] [utilActions.ElementActions] - Text retrieved from element: By.cssSelector: .breadcrumb - Text: Home
Shop&amp#27;[m
&amp#27;[34m[INFO] - [04-12-2025 15:44:36] [main] [reports.AllureAttachmentManager] - Screenshot is Attached Successfully: D:\QA-AutomationLabs_ITIFinalProject\test-output\screenshots\validatePerformLogin.png&amp#27;[m
&amp#27;[34m[INFO] - [04-12-2025 15:44:36] [main] [coreMedia.ScreenshotsManager] - Successed To Capture Screenshot &amp#27;[m
&amp#27;[34m[INFO] - [04-12-2025 15:44:37] [main] [reports.AllureAttachmentManager] - Logs is Attached Successfully&amp#27;[m
]]></system-out>
    <system-err><![CDATA[Dec 04, 2025 3:44:28 PM org.openqa.selenium.manager.SeleniumManager lambda$runCommand$1
WARNING: There was an error managing msedgedriver (error sending request for url (https://msedgedriver.azureedge.net/LATEST_RELEASE_142_WINDOWS)); using driver found in the cache
Dec 04, 2025 3:44:30 PM org.openqa.selenium.devtools.CdpVersionFinder findNearestMatch
WARNING: Unable to find CDP implementation matching 142
Dec 04, 2025 3:44:30 PM org.openqa.selenium.chromium.ChromiumDriver lambda$new$4
WARNING: Unable to find version of CDP to use for 142.0.3595.94. You may need to include a dependency on a specific version of the CDP using something similar to `org.seleniumhq.selenium:selenium-devtools-v86:4.29.0` where the version ("v86") matches the version of the chromium-based browser you're using and the version number of the artifact is the same as Selenium's.
]]></system-err>
  </testcase>
  <testcase name="validateNavigatingToCertainCategory" classname="webPortalTest.endToEnd.CheckOutTest" time="2.308">
    <system-out><![CDATA[&amp#27;[34m[INFO] - [04-12-2025 15:44:38] [main] [utilActions.ElementActions] - Element clicked: By.xpath: //div[@class='offer-text']/a[@href='mens-wear.php']&amp#27;[m
[DEBUG] Men_Fashion => mens-wear
&amp#27;[34m[INFO] - [04-12-2025 15:44:38] [main] [businessPages.QA_MenFashion] - Product page is loaded&amp#27;[m
&amp#27;[34m[INFO] - [04-12-2025 15:44:39] [main] [utilActions.ElementActions] - Text retrieved from element: By.cssSelector: span.breadcrumb-item - Text: Mens Wear&amp#27;[m
&amp#27;[34m[INFO] - [04-12-2025 15:44:39] [main] [reports.AllureAttachmentManager] - Screenshot is Attached Successfully: D:\QA-AutomationLabs_ITIFinalProject\test-output\screenshots\validateNavigatingToCertainCategory.png&amp#27;[m
&amp#27;[34m[INFO] - [04-12-2025 15:44:39] [main] [coreMedia.ScreenshotsManager] - Successed To Capture Screenshot &amp#27;[m
&amp#27;[34m[INFO] - [04-12-2025 15:44:39] [main] [reports.AllureAttachmentManager] - Logs is Attached Successfully&amp#27;[m
]]></system-out>
  </testcase>
  <testcase name="validateAddingProductToCart" classname="webPortalTest.endToEnd.CheckOutTest" time="4.391">
    <system-out><![CDATA[&amp#27;[34m[INFO] - [04-12-2025 15:44:39] [main] [utilActions.ElementActions] - Element clicked: By.xpath: //a[.='Black T-Shirt']/following::button[contains(@class, 'addToCart')][1]&amp#27;[m
&amp#27;[34m[INFO] - [04-12-2025 15:44:41] [main] [utilActions.ElementActions] - Element clicked: By.cssSelector: a>i.fa-2x&amp#27;[m
&amp#27;[34m[INFO] - [04-12-2025 15:44:41] [main] [utilActions.ElementActions] - Text retrieved from element: By.xpath: //td[contains(text(), 'Black T-Shirt')] - Text: Black T-Shirt&amp#27;[m
&amp#27;[34m[INFO] - [04-12-2025 15:44:42] [main] [utilActions.ElementActions] - Text retrieved from element: By.xpath: //td[contains(text(),'Black T-Shirt')]/following-sibling::td[1] - Text: $150&amp#27;[m
&amp#27;[34m[INFO] - [04-12-2025 15:44:42] [main] [utilActions.ElementActions] - Attribute value retrieved from element: By.xpath: //td[contains(text(),'Black T-Shirt')]/following-sibling::td[2]/input - Text: 1&amp#27;[m
&amp#27;[34m[INFO] - [04-12-2025 15:44:42] [main] [utilActions.ElementActions] - Text retrieved from element: By.xpath: //td[contains(text(),'Black T-Shirt')]/following-sibling::td[3] - Text: $150&amp#27;[m
&amp#27;[34m[INFO] - [04-12-2025 15:44:43] [main] [utilActions.ElementActions] - Text retrieved from element: By.id: totalPrice - Text: Total: $150&amp#27;[m
&amp#27;[34m[INFO] - [04-12-2025 15:44:43] [main] [utilActions.ElementActions] - Text retrieved from element: By.cssSelector: span.breadcrumb-item - Text: Cart&amp#27;[m
&amp#27;[34m[INFO] - [04-12-2025 15:44:43] [main] [reports.AllureAttachmentManager] - Screenshot is Attached Successfully: D:\QA-AutomationLabs_ITIFinalProject\test-output\screenshots\validateAddingProductToCart.png&amp#27;[m
&amp#27;[34m[INFO] - [04-12-2025 15:44:43] [main] [coreMedia.ScreenshotsManager] - Successed To Capture Screenshot &amp#27;[m
&amp#27;[34m[INFO] - [04-12-2025 15:44:43] [main] [reports.AllureAttachmentManager] - Logs is Attached Successfully&amp#27;[m
]]></system-out>
  </testcase>
  <testcase name="validateProceedingToCheckout" classname="webPortalTest.endToEnd.CheckOutTest" time="4.216">
    <system-out><![CDATA[&amp#27;[34m[INFO] - [04-12-2025 15:44:45] [main] [utilActions.ElementActions] - Element clicked: By.id: checkoutBtn&amp#27;[m
&amp#27;[34m[INFO] - [04-12-2025 15:44:46] [main] [utilActions.ElementActions] - Text retrieved from element: By.xpath: //td[contains(text(), 'Black T-Shirt')] - Text: Black T-Shirt&amp#27;[m
&amp#27;[34m[INFO] - [04-12-2025 15:44:46] [main] [utilActions.ElementActions] - Text retrieved from element: By.xpath: //td[contains(text(),'Black T-Shirt')]/following-sibling::td[1] - Text: $150&amp#27;[m
&amp#27;[34m[INFO] - [04-12-2025 15:44:47] [main] [utilActions.ElementActions] - Text retrieved from element: By.xpath: //td[contains(text(),'Black T-Shirt')]/following-sibling::td[2] - Text: 1&amp#27;[m
&amp#27;[34m[INFO] - [04-12-2025 15:44:47] [main] [utilActions.ElementActions] - Text retrieved from element: By.xpath: //td[contains(text(),'Black T-Shirt')]/following-sibling::td[3] - Text: $150&amp#27;[m
&amp#27;[34m[INFO] - [04-12-2025 15:44:47] [main] [utilActions.ElementActions] - Text retrieved from element: By.id: totalPrice - Text: $150&amp#27;[m
&amp#27;[34m[INFO] - [04-12-2025 15:44:47] [main] [reports.AllureAttachmentManager] - Screenshot is Attached Successfully: D:\QA-AutomationLabs_ITIFinalProject\test-output\screenshots\validateProceedingToCheckout.png&amp#27;[m
&amp#27;[34m[INFO] - [04-12-2025 15:44:47] [main] [coreMedia.ScreenshotsManager] - Successed To Capture Screenshot &amp#27;[m
&amp#27;[34m[INFO] - [04-12-2025 15:44:47] [main] [reports.AllureAttachmentManager] - Logs is Attached Successfully&amp#27;[m
]]></system-out>
  </testcase>
  <testcase name="validateProceedingToConfirmationPage" classname="webPortalTest.endToEnd.CheckOutTest" time="7.001">
    <system-out><![CDATA[&amp#27;[34m[INFO] - [04-12-2025 15:44:48] [main] [utilActions.ElementActions] - Text entered in element: By.id: firstname - Text: Mahmoud&amp#27;[m
&amp#27;[34m[INFO] - [04-12-2025 15:44:49] [main] [utilActions.ElementActions] - Text entered in element: By.id: middlename - Text: Ibra&amp#27;[m
&amp#27;[34m[INFO] - [04-12-2025 15:44:49] [main] [utilActions.ElementActions] - Text entered in element: By.id: lastname - Text: Aba&amp#27;[m
&amp#27;[34m[INFO] - [04-12-2025 15:44:50] [main] [utilActions.ElementActions] - Text entered in element: By.id: email - Text: Ma.doe@example.com&amp#27;[m
&amp#27;[34m[INFO] - [04-12-2025 15:44:50] [main] [utilActions.ElementActions] - Text entered in element: By.id: phone - Text: 1234567890&amp#27;[m
&amp#27;[34m[INFO] - [04-12-2025 15:44:51] [main] [utilActions.ElementActions] - Text entered in element: By.id: address - Text: 123 Main St&amp#27;[m
&amp#27;[34m[INFO] - [04-12-2025 15:44:51] [main] [utilActions.ElementActions] - Text entered in element: By.id: states - Text: NY&amp#27;[m
&amp#27;[34m[INFO] - [04-12-2025 15:44:52] [main] [utilActions.ElementActions] - Text entered in element: By.id: city - Text: New   York&amp#27;[m
&amp#27;[34m[INFO] - [04-12-2025 15:44:52] [main] [utilActions.ElementActions] - Text entered in element: By.id: pincode - Text: 12345&amp#27;[m
&amp#27;[34m[INFO] - [04-12-2025 15:44:54] [main] [utilActions.ElementActions] - Element clicked: By.id: continue&amp#27;[m
&amp#27;[34m[INFO] - [04-12-2025 15:44:54] [main] [utilActions.ElementActions] - Text retrieved from element: By.cssSelector: span.breadcrumb-item - Text: Confirm Details&amp#27;[m
&amp#27;[34m[INFO] - [04-12-2025 15:44:54] [main] [reports.AllureAttachmentManager] - Screenshot is Attached Successfully: D:\QA-AutomationLabs_ITIFinalProject\test-output\screenshots\validateProceedingToConfirmationPage.png&amp#27;[m
&amp#27;[34m[INFO] - [04-12-2025 15:44:54] [main] [coreMedia.ScreenshotsManager] - Successed To Capture Screenshot &amp#27;[m
&amp#27;[34m[INFO] - [04-12-2025 15:44:55] [main] [reports.AllureAttachmentManager] - Logs is Attached Successfully&amp#27;[m
]]></system-out>
  </testcase>
  <testcase name="validatePerformLogin" classname="webPortalTest.endToEnd.CheckoutWithEmptyFieldTest" time="3.41">
    <system-out><![CDATA[&amp#27;[34m[INFO] - [04-12-2025 15:44:58] [main] [driverFactory.WebDriverFactory] - Starting driver for browser: EDGE&amp#27;[m
&amp#27;[34m[INFO] - [04-12-2025 15:45:05] [main] [utilActions.ElementActions] - Text entered in element: By.id: email - Text: demo@demo.com&amp#27;[m
&amp#27;[34m[INFO] - [04-12-2025 15:45:05] [main] [utilActions.ElementActions] - Text entered in element: By.id: password - Text: demo&amp#27;[m
&amp#27;[34m[INFO] - [04-12-2025 15:45:07] [main] [utilActions.ElementActions] - Element clicked: By.id: loginBtn&amp#27;[m
&amp#27;[34m[INFO] - [04-12-2025 15:45:07] [main] [utilActions.ElementActions] - Text retrieved from element: By.cssSelector: .breadcrumb - Text: Home
Shop&amp#27;[m
&amp#27;[34m[INFO] - [04-12-2025 15:45:07] [main] [reports.AllureAttachmentManager] - Screenshot is Attached Successfully: D:\QA-AutomationLabs_ITIFinalProject\test-output\screenshots\validatePerformLogin.png&amp#27;[m
&amp#27;[34m[INFO] - [04-12-2025 15:45:07] [main] [coreMedia.ScreenshotsManager] - Successed To Capture Screenshot &amp#27;[m
&amp#27;[34m[INFO] - [04-12-2025 15:45:07] [main] [reports.AllureAttachmentManager] - Logs is Attached Successfully&amp#27;[m
]]></system-out>
    <system-err><![CDATA[Dec 04, 2025 3:44:59 PM org.openqa.selenium.manager.SeleniumManager lambda$runCommand$1
WARNING: There was an error managing msedgedriver (error sending request for url (https://msedgedriver.azureedge.net/LATEST_RELEASE_142_WINDOWS)); using driver found in the cache
Dec 04, 2025 3:45:01 PM org.openqa.selenium.devtools.CdpVersionFinder findNearestMatch
WARNING: Unable to find CDP implementation matching 142
Dec 04, 2025 3:45:01 PM org.openqa.selenium.chromium.ChromiumDriver lambda$new$4
WARNING: Unable to find version of CDP to use for 142.0.3595.94. You may need to include a dependency on a specific version of the CDP using something similar to `org.seleniumhq.selenium:selenium-devtools-v86:4.29.0` where the version ("v86") matches the version of the chromium-based browser you're using and the version number of the artifact is the same as Selenium's.
]]></system-err>
  </testcase>
  <testcase name="validateNavigatingToCertainCategory" classname="webPortalTest.endToEnd.CheckoutWithEmptyFieldTest" time="2.52">
    <system-out><![CDATA[&amp#27;[34m[INFO] - [04-12-2025 15:45:09] [main] [utilActions.ElementActions] - Element clicked: By.xpath: //div[@class='offer-text']/a[@href='mens-wear.php']&amp#27;[m
[DEBUG] Men_Fashion => mens-wear
&amp#27;[34m[INFO] - [04-12-2025 15:45:09] [main] [businessPages.QA_MenFashion] - Product page is loaded&amp#27;[m
&amp#27;[34m[INFO] - [04-12-2025 15:45:09] [main] [utilActions.ElementActions] - Text retrieved from element: By.cssSelector: span.breadcrumb-item - Text: Mens Wear&amp#27;[m
&amp#27;[34m[INFO] - [04-12-2025 15:45:10] [main] [reports.AllureAttachmentManager] - Screenshot is Attached Successfully: D:\QA-AutomationLabs_ITIFinalProject\test-output\screenshots\validateNavigatingToCertainCategory.png&amp#27;[m
&amp#27;[34m[INFO] - [04-12-2025 15:45:10] [main] [coreMedia.ScreenshotsManager] - Successed To Capture Screenshot &amp#27;[m
&amp#27;[34m[INFO] - [04-12-2025 15:45:10] [main] [reports.AllureAttachmentManager] - Logs is Attached Successfully&amp#27;[m
]]></system-out>
  </testcase>
  <testcase name="validateAddingProductToCart" classname="webPortalTest.endToEnd.CheckoutWithEmptyFieldTest" time="4.723">
    <system-out><![CDATA[&amp#27;[34m[INFO] - [04-12-2025 15:45:10] [main] [utilActions.ElementActions] - Element clicked: By.xpath: //a[.='Black T-Shirt']/following::button[contains(@class, 'addToCart')][1]&amp#27;[m
&amp#27;[34m[INFO] - [04-12-2025 15:45:12] [main] [utilActions.ElementActions] - Element clicked: By.cssSelector: a>i.fa-2x&amp#27;[m
&amp#27;[34m[INFO] - [04-12-2025 15:45:12] [main] [utilActions.ElementActions] - Text retrieved from element: By.xpath: //td[contains(text(), 'Black T-Shirt')] - Text: Black T-Shirt&amp#27;[m
&amp#27;[34m[INFO] - [04-12-2025 15:45:13] [main] [utilActions.ElementActions] - Text retrieved from element: By.xpath: //td[contains(text(),'Black T-Shirt')]/following-sibling::td[1] - Text: $150&amp#27;[m
&amp#27;[34m[INFO] - [04-12-2025 15:45:13] [main] [utilActions.ElementActions] - Attribute value retrieved from element: By.xpath: //td[contains(text(),'Black T-Shirt')]/following-sibling::td[2]/input - Text: 1&amp#27;[m
&amp#27;[34m[INFO] - [04-12-2025 15:45:13] [main] [utilActions.ElementActions] - Text retrieved from element: By.xpath: //td[contains(text(),'Black T-Shirt')]/following-sibling::td[3] - Text: $150&amp#27;[m
&amp#27;[34m[INFO] - [04-12-2025 15:45:14] [main] [utilActions.ElementActions] - Text retrieved from element: By.id: totalPrice - Text: Total: $150&amp#27;[m
&amp#27;[34m[INFO] - [04-12-2025 15:45:14] [main] [utilActions.ElementActions] - Text retrieved from element: By.cssSelector: span.breadcrumb-item - Text: Cart&amp#27;[m
&amp#27;[34m[INFO] - [04-12-2025 15:45:14] [main] [reports.AllureAttachmentManager] - Screenshot is Attached Successfully: D:\QA-AutomationLabs_ITIFinalProject\test-output\screenshots\validateAddingProductToCart.png&amp#27;[m
&amp#27;[34m[INFO] - [04-12-2025 15:45:14] [main] [coreMedia.ScreenshotsManager] - Successed To Capture Screenshot &amp#27;[m
&amp#27;[34m[INFO] - [04-12-2025 15:45:14] [main] [reports.AllureAttachmentManager] - Logs is Attached Successfully&amp#27;[m
]]></system-out>
  </testcase>
  <testcase name="checkoutLeavingEmptyAddress" classname="webPortalTest.endToEnd.CheckoutWithEmptyFieldTest" time="8.437">
    <system-out><![CDATA[&amp#27;[34m[INFO] - [04-12-2025 15:45:16] [main] [utilActions.ElementActions] - Element clicked: By.id: checkoutBtn&amp#27;[m
&amp#27;[34m[INFO] - [04-12-2025 15:45:17] [main] [utilActions.ElementActions] - Text entered in element: By.id: firstname - Text: Mahmoud&amp#27;[m
&amp#27;[34m[INFO] - [04-12-2025 15:45:18] [main] [utilActions.ElementActions] - Text entered in element: By.id: middlename - Text: Ibra&amp#27;[m
&amp#27;[34m[INFO] - [04-12-2025 15:45:18] [main] [utilActions.ElementActions] - Text entered in element: By.id: lastname - Text: Aba&amp#27;[m
&amp#27;[34m[INFO] - [04-12-2025 15:45:19] [main] [utilActions.ElementActions] - Text entered in element: By.id: email - Text: Ma.doe@example.com&amp#27;[m
&amp#27;[34m[INFO] - [04-12-2025 15:45:19] [main] [utilActions.ElementActions] - Text entered in element: By.id: phone - Text: 1234567890&amp#27;[m
&amp#27;[34m[INFO] - [04-12-2025 15:45:20] [main] [utilActions.ElementActions] - Text entered in element: By.id: address - Text: &amp#27;[m
&amp#27;[34m[INFO] - [04-12-2025 15:45:21] [main] [utilActions.ElementActions] - Text entered in element: By.id: states - Text: NY&amp#27;[m
&amp#27;[34m[INFO] - [04-12-2025 15:45:21] [main] [utilActions.ElementActions] - Text entered in element: By.id: city - Text: New   York&amp#27;[m
&amp#27;[34m[INFO] - [04-12-2025 15:45:22] [main] [utilActions.ElementActions] - Text entered in element: By.id: pincode - Text: 12345&amp#27;[m
&amp#27;[34m[INFO] - [04-12-2025 15:45:22] [main] [utilActions.ElementActions] - Element clicked: By.id: continue&amp#27;[m
&amp#27;[34m[INFO] - [04-12-2025 15:45:23] [main] [utilActions.ElementActions] - Text retrieved from element: By.cssSelector: #addresserror.error - Text: Please enter your address.&amp#27;[m
&amp#27;[34m[INFO] - [04-12-2025 15:45:23] [main] [reports.AllureAttachmentManager] - Screenshot is Attached Successfully: D:\QA-AutomationLabs_ITIFinalProject\test-output\screenshots\checkoutLeavingEmptyAddress.png&amp#27;[m
&amp#27;[34m[INFO] - [04-12-2025 15:45:23] [main] [coreMedia.ScreenshotsManager] - Successed To Capture Screenshot &amp#27;[m
&amp#27;[34m[INFO] - [04-12-2025 15:45:23] [main] [reports.AllureAttachmentManager] - Logs is Attached Successfully&amp#27;[m
]]></system-out>
  </testcase>
  <testcase name="validatePerformLogin" classname="webPortalTest.endToEnd.CheckoutWithInvalidPhoneTest" time="3.24">
    <system-out><![CDATA[&amp#27;[34m[INFO] - [04-12-2025 15:45:25] [main] [driverFactory.WebDriverFactory] - Starting driver for browser: EDGE&amp#27;[m
&amp#27;[34m[INFO] - [04-12-2025 15:45:32] [main] [utilActions.ElementActions] - Text entered in element: By.id: email - Text: demo@demo.com&amp#27;[m
&amp#27;[34m[INFO] - [04-12-2025 15:45:33] [main] [utilActions.ElementActions] - Text entered in element: By.id: password - Text: demo&amp#27;[m
&amp#27;[34m[INFO] - [04-12-2025 15:45:34] [main] [utilActions.ElementActions] - Element clicked: By.id: loginBtn&amp#27;[m
&amp#27;[34m[INFO] - [04-12-2025 15:45:34] [main] [utilActions.ElementActions] - Text retrieved from element: By.cssSelector: .breadcrumb - Text: Home
Shop&amp#27;[m
&amp#27;[34m[INFO] - [04-12-2025 15:45:35] [main] [reports.AllureAttachmentManager] - Screenshot is Attached Successfully: D:\QA-AutomationLabs_ITIFinalProject\test-output\screenshots\validatePerformLogin.png&amp#27;[m
&amp#27;[34m[INFO] - [04-12-2025 15:45:35] [main] [coreMedia.ScreenshotsManager] - Successed To Capture Screenshot &amp#27;[m
&amp#27;[34m[INFO] - [04-12-2025 15:45:35] [main] [reports.AllureAttachmentManager] - Logs is Attached Successfully&amp#27;[m
]]></system-out>
    <system-err><![CDATA[Dec 04, 2025 3:45:26 PM org.openqa.selenium.manager.SeleniumManager lambda$runCommand$1
WARNING: There was an error managing msedgedriver (error sending request for url (https://msedgedriver.azureedge.net/LATEST_RELEASE_142_WINDOWS)); using driver found in the cache
Dec 04, 2025 3:45:28 PM org.openqa.selenium.devtools.CdpVersionFinder findNearestMatch
WARNING: Unable to find CDP implementation matching 142
Dec 04, 2025 3:45:28 PM org.openqa.selenium.chromium.ChromiumDriver lambda$new$4
WARNING: Unable to find version of CDP to use for 142.0.3595.94. You may need to include a dependency on a specific version of the CDP using something similar to `org.seleniumhq.selenium:selenium-devtools-v86:4.29.0` where the version ("v86") matches the version of the chromium-based browser you're using and the version number of the artifact is the same as Selenium's.
]]></system-err>
  </testcase>
  <testcase name="validateNavigatingToCertainCategory" classname="webPortalTest.endToEnd.CheckoutWithInvalidPhoneTest" time="2.498">
    <system-out><![CDATA[&amp#27;[34m[INFO] - [04-12-2025 15:45:37] [main] [utilActions.ElementActions] - Element clicked: By.xpath: //div[@class='offer-text']/a[@href='mens-wear.php']&amp#27;[m
[DEBUG] Men_Fashion => mens-wear
&amp#27;[34m[INFO] - [04-12-2025 15:45:37] [main] [businessPages.QA_MenFashion] - Product page is loaded&amp#27;[m
&amp#27;[34m[INFO] - [04-12-2025 15:45:37] [main] [utilActions.ElementActions] - Text retrieved from element: By.cssSelector: span.breadcrumb-item - Text: Mens Wear&amp#27;[m
&amp#27;[34m[INFO] - [04-12-2025 15:45:37] [main] [reports.AllureAttachmentManager] - Screenshot is Attached Successfully: D:\QA-AutomationLabs_ITIFinalProject\test-output\screenshots\validateNavigatingToCertainCategory.png&amp#27;[m
&amp#27;[34m[INFO] - [04-12-2025 15:45:37] [main] [coreMedia.ScreenshotsManager] - Successed To Capture Screenshot &amp#27;[m
&amp#27;[34m[INFO] - [04-12-2025 15:45:37] [main] [reports.AllureAttachmentManager] - Logs is Attached Successfully&amp#27;[m
]]></system-out>
  </testcase>
  <testcase name="validateAddingProductToCart" classname="webPortalTest.endToEnd.CheckoutWithInvalidPhoneTest" time="4.714">
    <system-out><![CDATA[&amp#27;[34m[INFO] - [04-12-2025 15:45:38] [main] [utilActions.ElementActions] - Element clicked: By.xpath: //a[.='Black T-Shirt']/following::button[contains(@class, 'addToCart')][1]&amp#27;[m
&amp#27;[34m[INFO] - [04-12-2025 15:45:39] [main] [utilActions.ElementActions] - Element clicked: By.cssSelector: a>i.fa-2x&amp#27;[m
&amp#27;[34m[INFO] - [04-12-2025 15:45:40] [main] [utilActions.ElementActions] - Text retrieved from element: By.xpath: //td[contains(text(), 'Black T-Shirt')] - Text: Black T-Shirt&amp#27;[m
&amp#27;[34m[INFO] - [04-12-2025 15:45:40] [main] [utilActions.ElementActions] - Text retrieved from element: By.xpath: //td[contains(text(),'Black T-Shirt')]/following-sibling::td[1] - Text: $150&amp#27;[m
&amp#27;[34m[INFO] - [04-12-2025 15:45:40] [main] [utilActions.ElementActions] - Attribute value retrieved from element: By.xpath: //td[contains(text(),'Black T-Shirt')]/following-sibling::td[2]/input - Text: 1&amp#27;[m
&amp#27;[34m[INFO] - [04-12-2025 15:45:41] [main] [utilActions.ElementActions] - Text retrieved from element: By.xpath: //td[contains(text(),'Black T-Shirt')]/following-sibling::td[3] - Text: $150&amp#27;[m
&amp#27;[34m[INFO] - [04-12-2025 15:45:41] [main] [utilActions.ElementActions] - Text retrieved from element: By.id: totalPrice - Text: Total: $150&amp#27;[m
&amp#27;[34m[INFO] - [04-12-2025 15:45:42] [main] [utilActions.ElementActions] - Text retrieved from element: By.cssSelector: span.breadcrumb-item - Text: Cart&amp#27;[m
&amp#27;[34m[INFO] - [04-12-2025 15:45:42] [main] [reports.AllureAttachmentManager] - Screenshot is Attached Successfully: D:\QA-AutomationLabs_ITIFinalProject\test-output\screenshots\validateAddingProductToCart.png&amp#27;[m
&amp#27;[34m[INFO] - [04-12-2025 15:45:42] [main] [coreMedia.ScreenshotsManager] - Successed To Capture Screenshot &amp#27;[m
&amp#27;[34m[INFO] - [04-12-2025 15:45:42] [main] [reports.AllureAttachmentManager] - Logs is Attached Successfully&amp#27;[m
]]></system-out>
  </testcase>
  <testcase name="checkoutWithInvalidPhone" classname="webPortalTest.endToEnd.CheckoutWithInvalidPhoneTest" time="8.303">
    <system-out><![CDATA[&amp#27;[34m[INFO] - [04-12-2025 15:45:44] [main] [utilActions.ElementActions] - Element clicked: By.id: checkoutBtn&amp#27;[m
&amp#27;[34m[INFO] - [04-12-2025 15:45:44] [main] [utilActions.ElementActions] - Text entered in element: By.id: firstname - Text: Mahmoud&amp#27;[m
&amp#27;[34m[INFO] - [04-12-2025 15:45:45] [main] [utilActions.ElementActions] - Text entered in element: By.id: middlename - Text: Ibra&amp#27;[m
&amp#27;[34m[INFO] - [04-12-2025 15:45:45] [main] [utilActions.ElementActions] - Text entered in element: By.id: lastname - Text: Aba&amp#27;[m
&amp#27;[34m[INFO] - [04-12-2025 15:45:46] [main] [utilActions.ElementActions] - Text entered in element: By.id: email - Text: Ma.doe@example.com&amp#27;[m
&amp#27;[34m[INFO] - [04-12-2025 15:45:47] [main] [utilActions.ElementActions] - Text entered in element: By.id: phone - Text: 12345678&amp#27;[m
&amp#27;[34m[INFO] - [04-12-2025 15:45:47] [main] [utilActions.ElementActions] - Text entered in element: By.id: address - Text: 123 Main St&amp#27;[m
&amp#27;[34m[INFO] - [04-12-2025 15:45:48] [main] [utilActions.ElementActions] - Text entered in element: By.id: states - Text: NY&amp#27;[m
&amp#27;[34m[INFO] - [04-12-2025 15:45:48] [main] [utilActions.ElementActions] - Text entered in element: By.id: city - Text: New   York&amp#27;[m
&amp#27;[34m[INFO] - [04-12-2025 15:45:49] [main] [utilActions.ElementActions] - Text entered in element: By.id: pincode - Text: 12345&amp#27;[m
&amp#27;[34m[INFO] - [04-12-2025 15:45:50] [main] [utilActions.ElementActions] - Element clicked: By.id: continue&amp#27;[m
&amp#27;[34m[INFO] - [04-12-2025 15:45:50] [main] [utilActions.ElementActions] - Text retrieved from element: By.cssSelector: #phoneerror.error - Text: Phone Number Should be 10 digit long.&amp#27;[m
&amp#27;[34m[INFO] - [04-12-2025 15:45:50] [main] [reports.AllureAttachmentManager] - Screenshot is Attached Successfully: D:\QA-AutomationLabs_ITIFinalProject\test-output\screenshots\checkoutWithInvalidPhone.png&amp#27;[m
&amp#27;[34m[INFO] - [04-12-2025 15:45:50] [main] [coreMedia.ScreenshotsManager] - Successed To Capture Screenshot &amp#27;[m
&amp#27;[34m[INFO] - [04-12-2025 15:45:50] [main] [reports.AllureAttachmentManager] - Logs is Attached Successfully&amp#27;[m
]]></system-out>
  </testcase>
  <testcase name="validatePerformLogin" classname="webPortalTest.endToEnd.ElectronicBrandFilterTest" time="3.616">
    <system-out><![CDATA[&amp#27;[34m[INFO] - [04-12-2025 15:45:54] [main] [driverFactory.WebDriverFactory] - Starting driver for browser: EDGE&amp#27;[m
&amp#27;[34m[INFO] - [04-12-2025 15:46:02] [main] [utilActions.ElementActions] - Text entered in element: By.id: email - Text: demo@demo.com&amp#27;[m
&amp#27;[34m[INFO] - [04-12-2025 15:46:02] [main] [utilActions.ElementActions] - Text entered in element: By.id: password - Text: demo&amp#27;[m
&amp#27;[34m[INFO] - [04-12-2025 15:46:04] [main] [utilActions.ElementActions] - Element clicked: By.id: loginBtn&amp#27;[m
&amp#27;[34m[INFO] - [04-12-2025 15:46:04] [main] [utilActions.ElementActions] - Text retrieved from element: By.cssSelector: .breadcrumb - Text: Home
Shop&amp#27;[m
&amp#27;[34m[INFO] - [04-12-2025 15:46:05] [main] [reports.AllureAttachmentManager] - Screenshot is Attached Successfully: D:\QA-AutomationLabs_ITIFinalProject\test-output\screenshots\validatePerformLogin.png&amp#27;[m
&amp#27;[34m[INFO] - [04-12-2025 15:46:05] [main] [coreMedia.ScreenshotsManager] - Successed To Capture Screenshot &amp#27;[m
&amp#27;[34m[INFO] - [04-12-2025 15:46:05] [main] [reports.AllureAttachmentManager] - Logs is Attached Successfully&amp#27;[m
]]></system-out>
    <system-err><![CDATA[Dec 04, 2025 3:45:55 PM org.openqa.selenium.manager.SeleniumManager lambda$runCommand$1
WARNING: There was an error managing msedgedriver (error sending request for url (https://msedgedriver.azureedge.net/LATEST_RELEASE_142_WINDOWS)); using driver found in the cache
Dec 04, 2025 3:45:58 PM org.openqa.selenium.devtools.CdpVersionFinder findNearestMatch
WARNING: Unable to find CDP implementation matching 142
Dec 04, 2025 3:45:58 PM org.openqa.selenium.chromium.ChromiumDriver lambda$new$4
WARNING: Unable to find version of CDP to use for 142.0.3595.94. You may need to include a dependency on a specific version of the CDP using something similar to `org.seleniumhq.selenium:selenium-devtools-v86:4.29.0` where the version ("v86") matches the version of the chromium-based browser you're using and the version number of the artifact is the same as Selenium's.
]]></system-err>
  </testcase>
  <testcase name="validateNavigatingToCertainCategory" classname="webPortalTest.endToEnd.ElectronicBrandFilterTest" time="2.604">
    <system-out><![CDATA[&amp#27;[34m[INFO] - [04-12-2025 15:46:07] [main] [utilActions.ElementActions] - Element clicked: By.xpath: //div[@class='offer-text']/a[@href='electronics.php']&amp#27;[m
[DEBUG] Men_Fashion => mens-wear
[DEBUG] Women_Fashion => womens-wear
[DEBUG] Kids_Fashion => kids-wear
[DEBUG] Electronics => electronics
&amp#27;[34m[INFO] - [04-12-2025 15:46:07] [main] [businessPages.QA_Electronics] - Product page is loaded&amp#27;[m
&amp#27;[34m[INFO] - [04-12-2025 15:46:07] [main] [utilActions.ElementActions] - Text retrieved from element: By.cssSelector: span.breadcrumb-item - Text: Electronics&amp#27;[m
&amp#27;[34m[INFO] - [04-12-2025 15:46:07] [main] [reports.AllureAttachmentManager] - Screenshot is Attached Successfully: D:\QA-AutomationLabs_ITIFinalProject\test-output\screenshots\validateNavigatingToCertainCategory.png&amp#27;[m
&amp#27;[34m[INFO] - [04-12-2025 15:46:07] [main] [coreMedia.ScreenshotsManager] - Successed To Capture Screenshot &amp#27;[m
&amp#27;[34m[INFO] - [04-12-2025 15:46:07] [main] [reports.AllureAttachmentManager] - Logs is Attached Successfully&amp#27;[m
]]></system-out>
  </testcase>
  <testcase name="validateProductFilters_TC" classname="webPortalTest.endToEnd.ElectronicBrandFilterTest" time="1.332">
    <system-out><![CDATA[&amp#27;[34m[INFO] - [04-12-2025 15:46:08] [main] [utilActions.ElementActions] - Element clicked: By.xpath: //label[text()=' Samsung']&amp#27;[m
&amp#27;[34m[INFO] - [04-12-2025 15:46:08] [main] [utilActions.ElementActions] - Text retrieved from element: By.xpath: (//div[@class='text-center py-4']//small[1])[1] - Text: Model: Samsung&amp#27;[m
&amp#27;[34m[INFO] - [04-12-2025 15:46:08] [main] [reports.AllureAttachmentManager] - Screenshot is Attached Successfully: D:\QA-AutomationLabs_ITIFinalProject\test-output\screenshots\validateProductFilters_TC.png&amp#27;[m
&amp#27;[34m[INFO] - [04-12-2025 15:46:08] [main] [coreMedia.ScreenshotsManager] - Successed To Capture Screenshot &amp#27;[m
&amp#27;[34m[INFO] - [04-12-2025 15:46:09] [main] [reports.AllureAttachmentManager] - Logs is Attached Successfully&amp#27;[m
]]></system-out>
  </testcase>
  <testcase name="invalidUserLogin_TC" classname="webPortalTest.endToEnd.LoginTest" time="2.641">
    <system-out><![CDATA[&amp#27;[34m[INFO] - [04-12-2025 15:46:10] [main] [driverFactory.WebDriverFactory] - Starting driver for browser: EDGE&amp#27;[m
&amp#27;[34m[INFO] - [04-12-2025 15:46:17] [main] [utilActions.ElementActions] - Text entered in element: By.id: email - Text: wrong&amp#27;[m
&amp#27;[34m[INFO] - [04-12-2025 15:46:17] [main] [utilActions.ElementActions] - Text entered in element: By.id: password - Text: demo&amp#27;[m
&amp#27;[34m[INFO] - [04-12-2025 15:46:18] [main] [utilActions.ElementActions] - Element clicked: By.id: loginBtn&amp#27;[m
&amp#27;[34m[INFO] - [04-12-2025 15:46:18] [main] [utilActions.ElementActions] - Text retrieved from element: By.id: emailerror - Text: Please enter a valid email address.&amp#27;[m
&amp#27;[34m[INFO] - [04-12-2025 15:46:18] [main] [reports.AllureAttachmentManager] - Screenshot is Attached Successfully: D:\QA-AutomationLabs_ITIFinalProject\test-output\screenshots\invalidUserLogin_TC.png&amp#27;[m
&amp#27;[34m[INFO] - [04-12-2025 15:46:18] [main] [coreMedia.ScreenshotsManager] - Successed To Capture Screenshot &amp#27;[m
&amp#27;[34m[INFO] - [04-12-2025 15:46:18] [main] [reports.AllureAttachmentManager] - Logs is Attached Successfully&amp#27;[m
]]></system-out>
    <system-err><![CDATA[Dec 04, 2025 3:46:11 PM org.openqa.selenium.manager.SeleniumManager lambda$runCommand$1
WARNING: There was an error managing msedgedriver (error sending request for url (https://msedgedriver.azureedge.net/LATEST_RELEASE_142_WINDOWS)); using driver found in the cache
Dec 04, 2025 3:46:13 PM org.openqa.selenium.devtools.CdpVersionFinder findNearestMatch
WARNING: Unable to find CDP implementation matching 142
Dec 04, 2025 3:46:13 PM org.openqa.selenium.chromium.ChromiumDriver lambda$new$4
WARNING: Unable to find version of CDP to use for 142.0.3595.94. You may need to include a dependency on a specific version of the CDP using something similar to `org.seleniumhq.selenium:selenium-devtools-v86:4.29.0` where the version ("v86") matches the version of the chromium-based browser you're using and the version number of the artifact is the same as Selenium's.
]]></system-err>
  </testcase>
  <testcase name="invalidPasswordLogin_TC" classname="webPortalTest.endToEnd.LoginTest" time="2.634">
    <system-out><![CDATA[&amp#27;[34m[INFO] - [04-12-2025 15:46:21] [main] [driverFactory.WebDriverFactory] - Starting driver for browser: EDGE&amp#27;[m
&amp#27;[34m[INFO] - [04-12-2025 15:46:28] [main] [utilActions.ElementActions] - Text entered in element: By.id: email - Text: demo@demo.com&amp#27;[m
&amp#27;[34m[INFO] - [04-12-2025 15:46:28] [main] [utilActions.ElementActions] - Text entered in element: By.id: password - Text: wrong&amp#27;[m
&amp#27;[34m[INFO] - [04-12-2025 15:46:29] [main] [utilActions.ElementActions] - Element clicked: By.id: loginBtn&amp#27;[m
&amp#27;[34m[INFO] - [04-12-2025 15:46:29] [main] [utilActions.ElementActions] - Text retrieved from element: By.id: errorMsg - Text: Invalid email or password!&amp#27;[m
&amp#27;[34m[INFO] - [04-12-2025 15:46:30] [main] [reports.AllureAttachmentManager] - Screenshot is Attached Successfully: D:\QA-AutomationLabs_ITIFinalProject\test-output\screenshots\invalidPasswordLogin_TC.png&amp#27;[m
&amp#27;[34m[INFO] - [04-12-2025 15:46:30] [main] [coreMedia.ScreenshotsManager] - Successed To Capture Screenshot &amp#27;[m
&amp#27;[34m[INFO] - [04-12-2025 15:46:30] [main] [reports.AllureAttachmentManager] - Logs is Attached Successfully&amp#27;[m
]]></system-out>
    <system-err><![CDATA[Dec 04, 2025 3:46:22 PM org.openqa.selenium.manager.SeleniumManager lambda$runCommand$1
WARNING: There was an error managing msedgedriver (error sending request for url (https://msedgedriver.azureedge.net/LATEST_RELEASE_142_WINDOWS)); using driver found in the cache
Dec 04, 2025 3:46:24 PM org.openqa.selenium.devtools.CdpVersionFinder findNearestMatch
WARNING: Unable to find CDP implementation matching 142
Dec 04, 2025 3:46:24 PM org.openqa.selenium.chromium.ChromiumDriver lambda$new$4
WARNING: Unable to find version of CDP to use for 142.0.3595.94. You may need to include a dependency on a specific version of the CDP using something similar to `org.seleniumhq.selenium:selenium-devtools-v86:4.29.0` where the version ("v86") matches the version of the chromium-based browser you're using and the version number of the artifact is the same as Selenium's.
]]></system-err>
  </testcase>
  <testcase name="emptyMailLogin_TC" classname="webPortalTest.endToEnd.LoginTest" time="2.7">
    <system-out><![CDATA[&amp#27;[34m[INFO] - [04-12-2025 15:46:33] [main] [driverFactory.WebDriverFactory] - Starting driver for browser: EDGE&amp#27;[m
&amp#27;[34m[INFO] - [04-12-2025 15:46:41] [main] [utilActions.ElementActions] - Text entered in element: By.id: email - Text: &amp#27;[m
&amp#27;[34m[INFO] - [04-12-2025 15:46:41] [main] [utilActions.ElementActions] - Text entered in element: By.id: password - Text: demo&amp#27;[m
&amp#27;[34m[INFO] - [04-12-2025 15:46:42] [main] [utilActions.ElementActions] - Element clicked: By.id: loginBtn&amp#27;[m
&amp#27;[34m[INFO] - [04-12-2025 15:46:42] [main] [utilActions.ElementActions] - Text retrieved from element: By.id: emailerror - Text: Please enter your email.&amp#27;[m
&amp#27;[34m[INFO] - [04-12-2025 15:46:42] [main] [reports.AllureAttachmentManager] - Screenshot is Attached Successfully: D:\QA-AutomationLabs_ITIFinalProject\test-output\screenshots\emptyMailLogin_TC.png&amp#27;[m
&amp#27;[34m[INFO] - [04-12-2025 15:46:42] [main] [coreMedia.ScreenshotsManager] - Successed To Capture Screenshot &amp#27;[m
&amp#27;[34m[INFO] - [04-12-2025 15:46:42] [main] [reports.AllureAttachmentManager] - Logs is Attached Successfully&amp#27;[m
]]></system-out>
    <system-err><![CDATA[Dec 04, 2025 3:46:34 PM org.openqa.selenium.manager.SeleniumManager lambda$runCommand$1
WARNING: There was an error managing msedgedriver (error sending request for url (https://msedgedriver.azureedge.net/LATEST_RELEASE_142_WINDOWS)); using driver found in the cache
Dec 04, 2025 3:46:37 PM org.openqa.selenium.devtools.CdpVersionFinder findNearestMatch
WARNING: Unable to find CDP implementation matching 142
Dec 04, 2025 3:46:37 PM org.openqa.selenium.chromium.ChromiumDriver lambda$new$4
WARNING: Unable to find version of CDP to use for 142.0.3595.94. You may need to include a dependency on a specific version of the CDP using something similar to `org.seleniumhq.selenium:selenium-devtools-v86:4.29.0` where the version ("v86") matches the version of the chromium-based browser you're using and the version number of the artifact is the same as Selenium's.
]]></system-err>
  </testcase>
  <testcase name="emptyPasswordLogin_TC" classname="webPortalTest.endToEnd.LoginTest" time="2.88">
    <system-out><![CDATA[&amp#27;[34m[INFO] - [04-12-2025 15:46:45] [main] [driverFactory.WebDriverFactory] - Starting driver for browser: EDGE&amp#27;[m
&amp#27;[34m[INFO] - [04-12-2025 15:46:53] [main] [utilActions.ElementActions] - Text entered in element: By.id: email - Text: demo@demo.com&amp#27;[m
&amp#27;[34m[INFO] - [04-12-2025 15:46:53] [main] [utilActions.ElementActions] - Text entered in element: By.id: password - Text: &amp#27;[m
&amp#27;[34m[INFO] - [04-12-2025 15:46:54] [main] [utilActions.ElementActions] - Element clicked: By.id: loginBtn&amp#27;[m
&amp#27;[34m[INFO] - [04-12-2025 15:46:54] [main] [utilActions.ElementActions] - Text retrieved from element: By.id: passerror - Text: Please enter your password.&amp#27;[m
&amp#27;[34m[INFO] - [04-12-2025 15:46:54] [main] [reports.AllureAttachmentManager] - Screenshot is Attached Successfully: D:\QA-AutomationLabs_ITIFinalProject\test-output\screenshots\emptyPasswordLogin_TC.png&amp#27;[m
&amp#27;[34m[INFO] - [04-12-2025 15:46:54] [main] [coreMedia.ScreenshotsManager] - Successed To Capture Screenshot &amp#27;[m
&amp#27;[34m[INFO] - [04-12-2025 15:46:54] [main] [reports.AllureAttachmentManager] - Logs is Attached Successfully&amp#27;[m
]]></system-out>
    <system-err><![CDATA[Dec 04, 2025 3:46:46 PM org.openqa.selenium.manager.SeleniumManager lambda$runCommand$1
WARNING: There was an error managing msedgedriver (error sending request for url (https://msedgedriver.azureedge.net/LATEST_RELEASE_142_WINDOWS)); using driver found in the cache
Dec 04, 2025 3:46:49 PM org.openqa.selenium.devtools.CdpVersionFinder findNearestMatch
WARNING: Unable to find CDP implementation matching 142
Dec 04, 2025 3:46:49 PM org.openqa.selenium.chromium.ChromiumDriver lambda$new$4
WARNING: Unable to find version of CDP to use for 142.0.3595.94. You may need to include a dependency on a specific version of the CDP using something similar to `org.seleniumhq.selenium:selenium-devtools-v86:4.29.0` where the version ("v86") matches the version of the chromium-based browser you're using and the version number of the artifact is the same as Selenium's.
]]></system-err>
  </testcase>
  <testcase name="validLogin_TC" classname="webPortalTest.endToEnd.LoginTest" time="3.625">
    <system-out><![CDATA[&amp#27;[34m[INFO] - [04-12-2025 15:47:00] [main] [driverFactory.WebDriverFactory] - Starting driver for browser: EDGE&amp#27;[m
&amp#27;[34m[INFO] - [04-12-2025 15:47:07] [main] [utilActions.ElementActions] - Text entered in element: By.id: email - Text: demo@demo.com&amp#27;[m
&amp#27;[34m[INFO] - [04-12-2025 15:47:07] [main] [utilActions.ElementActions] - Text entered in element: By.id: password - Text: demo&amp#27;[m
&amp#27;[34m[INFO] - [04-12-2025 15:47:09] [main] [utilActions.ElementActions] - Element clicked: By.id: loginBtn&amp#27;[m
&amp#27;[34m[INFO] - [04-12-2025 15:47:09] [main] [utilActions.ElementActions] - Text retrieved from element: By.cssSelector: .breadcrumb - Text: Home
Shop&amp#27;[m
&amp#27;[34m[INFO] - [04-12-2025 15:47:10] [main] [reports.AllureAttachmentManager] - Screenshot is Attached Successfully: D:\QA-AutomationLabs_ITIFinalProject\test-output\screenshots\validLogin_TC.png&amp#27;[m
&amp#27;[34m[INFO] - [04-12-2025 15:47:10] [main] [coreMedia.ScreenshotsManager] - Successed To Capture Screenshot &amp#27;[m
&amp#27;[34m[INFO] - [04-12-2025 15:47:10] [main] [reports.AllureAttachmentManager] - Logs is Attached Successfully&amp#27;[m
]]></system-out>
    <system-err><![CDATA[Dec 04, 2025 3:47:01 PM org.openqa.selenium.manager.SeleniumManager lambda$runCommand$1
WARNING: There was an error managing msedgedriver (error sending request for url (https://msedgedriver.azureedge.net/LATEST_RELEASE_142_WINDOWS)); using driver found in the cache
Dec 04, 2025 3:47:03 PM org.openqa.selenium.devtools.CdpVersionFinder findNearestMatch
WARNING: Unable to find CDP implementation matching 142
Dec 04, 2025 3:47:03 PM org.openqa.selenium.chromium.ChromiumDriver lambda$new$4
WARNING: Unable to find version of CDP to use for 142.0.3595.94. You may need to include a dependency on a specific version of the CDP using something similar to `org.seleniumhq.selenium:selenium-devtools-v86:4.29.0` where the version ("v86") matches the version of the chromium-based browser you're using and the version number of the artifact is the same as Selenium's.
]]></system-err>
  </testcase>
  <testcase name="validatePerformLogin" classname="webPortalTest.endToEnd.OrderConfirmationTest" time="3.542">
    <system-out><![CDATA[&amp#27;[34m[INFO] - [04-12-2025 15:47:13] [main] [driverFactory.WebDriverFactory] - Starting driver for browser: EDGE&amp#27;[m
&amp#27;[34m[INFO] - [04-12-2025 15:47:21] [main] [utilActions.ElementActions] - Text entered in element: By.id: email - Text: demo@demo.com&amp#27;[m
&amp#27;[34m[INFO] - [04-12-2025 15:47:21] [main] [utilActions.ElementActions] - Text entered in element: By.id: password - Text: demo&amp#27;[m
&amp#27;[34m[INFO] - [04-12-2025 15:47:23] [main] [utilActions.ElementActions] - Element clicked: By.id: loginBtn&amp#27;[m
&amp#27;[34m[INFO] - [04-12-2025 15:47:23] [main] [utilActions.ElementActions] - Text retrieved from element: By.cssSelector: .breadcrumb - Text: Home
Shop&amp#27;[m
&amp#27;[34m[INFO] - [04-12-2025 15:47:23] [main] [reports.AllureAttachmentManager] - Screenshot is Attached Successfully: D:\QA-AutomationLabs_ITIFinalProject\test-output\screenshots\validatePerformLogin.png&amp#27;[m
&amp#27;[34m[INFO] - [04-12-2025 15:47:23] [main] [coreMedia.ScreenshotsManager] - Successed To Capture Screenshot &amp#27;[m
&amp#27;[34m[INFO] - [04-12-2025 15:47:23] [main] [reports.AllureAttachmentManager] - Logs is Attached Successfully&amp#27;[m
]]></system-out>
    <system-err><![CDATA[Dec 04, 2025 3:47:14 PM org.openqa.selenium.manager.SeleniumManager lambda$runCommand$1
WARNING: There was an error managing msedgedriver (error sending request for url (https://msedgedriver.azureedge.net/LATEST_RELEASE_142_WINDOWS)); using driver found in the cache
Dec 04, 2025 3:47:18 PM org.openqa.selenium.devtools.CdpVersionFinder findNearestMatch
WARNING: Unable to find CDP implementation matching 142
Dec 04, 2025 3:47:18 PM org.openqa.selenium.chromium.ChromiumDriver lambda$new$4
WARNING: Unable to find version of CDP to use for 142.0.3595.94. You may need to include a dependency on a specific version of the CDP using something similar to `org.seleniumhq.selenium:selenium-devtools-v86:4.29.0` where the version ("v86") matches the version of the chromium-based browser you're using and the version number of the artifact is the same as Selenium's.
]]></system-err>
  </testcase>
  <testcase name="validateNavigatingToCertainCategory" classname="webPortalTest.endToEnd.OrderConfirmationTest" time="2.762">
    <system-out><![CDATA[&amp#27;[34m[INFO] - [04-12-2025 15:47:25] [main] [utilActions.ElementActions] - Element clicked: By.xpath: //div[@class='offer-text']/a[@href='mens-wear.php']&amp#27;[m
[DEBUG] Men_Fashion => mens-wear
&amp#27;[34m[INFO] - [04-12-2025 15:47:25] [main] [businessPages.QA_MenFashion] - Product page is loaded&amp#27;[m
&amp#27;[34m[INFO] - [04-12-2025 15:47:26] [main] [utilActions.ElementActions] - Text retrieved from element: By.cssSelector: span.breadcrumb-item - Text: Mens Wear&amp#27;[m
&amp#27;[34m[INFO] - [04-12-2025 15:47:26] [main] [reports.AllureAttachmentManager] - Screenshot is Attached Successfully: D:\QA-AutomationLabs_ITIFinalProject\test-output\screenshots\validateNavigatingToCertainCategory.png&amp#27;[m
&amp#27;[34m[INFO] - [04-12-2025 15:47:26] [main] [coreMedia.ScreenshotsManager] - Successed To Capture Screenshot &amp#27;[m
&amp#27;[34m[INFO] - [04-12-2025 15:47:26] [main] [reports.AllureAttachmentManager] - Logs is Attached Successfully&amp#27;[m
]]></system-out>
  </testcase>
  <testcase name="validateAddingProductToCart" classname="webPortalTest.endToEnd.OrderConfirmationTest" time="4.959">
    <system-out><![CDATA[&amp#27;[34m[INFO] - [04-12-2025 15:47:27] [main] [utilActions.ElementActions] - Element clicked: By.xpath: //a[.='Black T-Shirt']/following::button[contains(@class, 'addToCart')][1]&amp#27;[m
&amp#27;[34m[INFO] - [04-12-2025 15:47:28] [main] [utilActions.ElementActions] - Element clicked: By.cssSelector: a>i.fa-2x&amp#27;[m
&amp#27;[34m[INFO] - [04-12-2025 15:47:29] [main] [utilActions.ElementActions] - Text retrieved from element: By.xpath: //td[contains(text(), 'Black T-Shirt')] - Text: Black T-Shirt&amp#27;[m
&amp#27;[34m[INFO] - [04-12-2025 15:47:29] [main] [utilActions.ElementActions] - Text retrieved from element: By.xpath: //td[contains(text(),'Black T-Shirt')]/following-sibling::td[1] - Text: $150&amp#27;[m
&amp#27;[34m[INFO] - [04-12-2025 15:47:29] [main] [utilActions.ElementActions] - Attribute value retrieved from element: By.xpath: //td[contains(text(),'Black T-Shirt')]/following-sibling::td[2]/input - Text: 1&amp#27;[m
&amp#27;[34m[INFO] - [04-12-2025 15:47:30] [main] [utilActions.ElementActions] - Text retrieved from element: By.xpath: //td[contains(text(),'Black T-Shirt')]/following-sibling::td[3] - Text: $150&amp#27;[m
&amp#27;[34m[INFO] - [04-12-2025 15:47:30] [main] [utilActions.ElementActions] - Text retrieved from element: By.id: totalPrice - Text: Total: $150&amp#27;[m
&amp#27;[34m[INFO] - [04-12-2025 15:47:31] [main] [utilActions.ElementActions] - Text retrieved from element: By.cssSelector: span.breadcrumb-item - Text: Cart&amp#27;[m
&amp#27;[34m[INFO] - [04-12-2025 15:47:31] [main] [reports.AllureAttachmentManager] - Screenshot is Attached Successfully: D:\QA-AutomationLabs_ITIFinalProject\test-output\screenshots\validateAddingProductToCart.png&amp#27;[m
&amp#27;[34m[INFO] - [04-12-2025 15:47:31] [main] [coreMedia.ScreenshotsManager] - Successed To Capture Screenshot &amp#27;[m
&amp#27;[34m[INFO] - [04-12-2025 15:47:31] [main] [reports.AllureAttachmentManager] - Logs is Attached Successfully&amp#27;[m
]]></system-out>
  </testcase>
  <testcase name="validateProceedingToCheckout" classname="webPortalTest.endToEnd.OrderConfirmationTest" time="3.688">
    <system-out><![CDATA[&amp#27;[34m[INFO] - [04-12-2025 15:47:33] [main] [utilActions.ElementActions] - Element clicked: By.id: checkoutBtn&amp#27;[m
&amp#27;[34m[INFO] - [04-12-2025 15:47:33] [main] [utilActions.ElementActions] - Text retrieved from element: By.xpath: //td[contains(text(), 'Black T-Shirt')] - Text: Black T-Shirt&amp#27;[m
&amp#27;[34m[INFO] - [04-12-2025 15:47:33] [main] [utilActions.ElementActions] - Text retrieved from element: By.xpath: //td[contains(text(),'Black T-Shirt')]/following-sibling::td[1] - Text: $150&amp#27;[m
&amp#27;[34m[INFO] - [04-12-2025 15:47:34] [main] [utilActions.ElementActions] - Text retrieved from element: By.xpath: //td[contains(text(),'Black T-Shirt')]/following-sibling::td[2] - Text: 1&amp#27;[m
&amp#27;[34m[INFO] - [04-12-2025 15:47:34] [main] [utilActions.ElementActions] - Text retrieved from element: By.xpath: //td[contains(text(),'Black T-Shirt')]/following-sibling::td[3] - Text: $150&amp#27;[m
&amp#27;[34m[INFO] - [04-12-2025 15:47:34] [main] [utilActions.ElementActions] - Text retrieved from element: By.id: totalPrice - Text: $150&amp#27;[m
&amp#27;[34m[INFO] - [04-12-2025 15:47:35] [main] [reports.AllureAttachmentManager] - Screenshot is Attached Successfully: D:\QA-AutomationLabs_ITIFinalProject\test-output\screenshots\validateProceedingToCheckout.png&amp#27;[m
&amp#27;[34m[INFO] - [04-12-2025 15:47:35] [main] [coreMedia.ScreenshotsManager] - Successed To Capture Screenshot &amp#27;[m
&amp#27;[34m[INFO] - [04-12-2025 15:47:35] [main] [reports.AllureAttachmentManager] - Logs is Attached Successfully&amp#27;[m
]]></system-out>
  </testcase>
  <testcase name="validateConfirmationPageDetails" classname="webPortalTest.endToEnd.OrderConfirmationTest" time="10.92">
    <system-out><![CDATA[&amp#27;[34m[INFO] - [04-12-2025 15:47:35] [main] [utilActions.ElementActions] - Text entered in element: By.id: firstname - Text: Mahmoud&amp#27;[m
&amp#27;[34m[INFO] - [04-12-2025 15:47:36] [main] [utilActions.ElementActions] - Text entered in element: By.id: middlename - Text: Ibra&amp#27;[m
&amp#27;[34m[INFO] - [04-12-2025 15:47:36] [main] [utilActions.ElementActions] - Text entered in element: By.id: lastname - Text: Aba&amp#27;[m
&amp#27;[34m[INFO] - [04-12-2025 15:47:37] [main] [utilActions.ElementActions] - Text entered in element: By.id: email - Text: Ma.doe@example.com&amp#27;[m
&amp#27;[34m[INFO] - [04-12-2025 15:47:37] [main] [utilActions.ElementActions] - Text entered in element: By.id: phone - Text: 1234567890&amp#27;[m
&amp#27;[34m[INFO] - [04-12-2025 15:47:38] [main] [utilActions.ElementActions] - Text entered in element: By.id: address - Text: 123 Main St&amp#27;[m
&amp#27;[34m[INFO] - [04-12-2025 15:47:38] [main] [utilActions.ElementActions] - Text entered in element: By.id: states - Text: NY&amp#27;[m
&amp#27;[34m[INFO] - [04-12-2025 15:47:39] [main] [utilActions.ElementActions] - Text entered in element: By.id: city - Text: New York&amp#27;[m
&amp#27;[34m[INFO] - [04-12-2025 15:47:39] [main] [utilActions.ElementActions] - Text entered in element: By.id: pincode - Text: 12345&amp#27;[m
&amp#27;[34m[INFO] - [04-12-2025 15:47:41] [main] [utilActions.ElementActions] - Element clicked: By.id: continue&amp#27;[m
&amp#27;[34m[INFO] - [04-12-2025 15:47:41] [main] [utilActions.ElementActions] - Text retrieved from element: By.xpath: //div[strong[text()='First Name:']]/following-sibling::div[1] - Text: Mahmoud&amp#27;[m
&amp#27;[34m[INFO] - [04-12-2025 15:47:42] [main] [utilActions.ElementActions] - Text retrieved from element: By.xpath: //div[strong[text()='Middle Name:']]/following-sibling::div[1] - Text: Ibra&amp#27;[m
&amp#27;[34m[INFO] - [04-12-2025 15:47:42] [main] [utilActions.ElementActions] - Text retrieved from element: By.xpath: //div[strong[text()='Last Name:']]/following-sibling::div[1] - Text: Aba&amp#27;[m
&amp#27;[34m[INFO] - [04-12-2025 15:47:42] [main] [utilActions.ElementActions] - Text retrieved from element: By.xpath: //div[strong[text()='Phone:']]/following-sibling::div[1] - Text: 1234567890&amp#27;[m
&amp#27;[34m[INFO] - [04-12-2025 15:47:43] [main] [utilActions.ElementActions] - Text retrieved from element: By.xpath: //div[strong[text()='Address:']]/following-sibling::div[1] - Text: 123 Main St&amp#27;[m
&amp#27;[34m[INFO] - [04-12-2025 15:47:43] [main] [utilActions.ElementActions] - Text retrieved from element: By.xpath: //div[strong[text()='State:']]/following-sibling::div[1] - Text: NY&amp#27;[m
&amp#27;[34m[INFO] - [04-12-2025 15:47:43] [main] [utilActions.ElementActions] - Text retrieved from element: By.xpath: //div[strong[text()='City:']]/following-sibling::div[1] - Text: New York&amp#27;[m
&amp#27;[34m[INFO] - [04-12-2025 15:47:43] [main] [utilActions.ElementActions] - Text retrieved from element: By.xpath: //div[strong[text()='Pin Code:']]/following-sibling::div[1] - Text: 12345&amp#27;[m
&amp#27;[34m[INFO] - [04-12-2025 15:47:44] [main] [utilActions.ElementActions] - Text retrieved from element: By.xpath: //td[contains(text(), 'Black T-Shirt')] - Text: Black T-Shirt&amp#27;[m
&amp#27;[34m[INFO] - [04-12-2025 15:47:44] [main] [utilActions.ElementActions] - Text retrieved from element: By.xpath: //td[contains(text(),'Black T-Shirt')]/following-sibling::td[1] - Text: $150&amp#27;[m
&amp#27;[34m[INFO] - [04-12-2025 15:47:44] [main] [utilActions.ElementActions] - Text retrieved from element: By.xpath: //td[contains(text(),'Black T-Shirt')]/following-sibling::td[2] - Text: 1&amp#27;[m
&amp#27;[34m[INFO] - [04-12-2025 15:47:45] [main] [utilActions.ElementActions] - Text retrieved from element: By.xpath: //td[contains(text(),'Black T-Shirt')]/following-sibling::td[3] - Text: $150&amp#27;[m
&amp#27;[34m[INFO] - [04-12-2025 15:47:45] [main] [utilActions.ElementActions] - Text retrieved from element: By.cssSelector: span.breadcrumb-item - Text: Confirm Details&amp#27;[m
&amp#27;[34m[INFO] - [04-12-2025 15:47:45] [main] [utilActions.ElementActions] - Text retrieved from element: By.id: totalPrice - Text: $150&amp#27;[m
&amp#27;[34m[INFO] - [04-12-2025 15:47:46] [main] [reports.AllureAttachmentManager] - Screenshot is Attached Successfully: D:\QA-AutomationLabs_ITIFinalProject\test-output\screenshots\validateConfirmationPageDetails.png&amp#27;[m
&amp#27;[34m[INFO] - [04-12-2025 15:47:46] [main] [coreMedia.ScreenshotsManager] - Successed To Capture Screenshot &amp#27;[m
&amp#27;[34m[INFO] - [04-12-2025 15:47:46] [main] [reports.AllureAttachmentManager] - Logs is Attached Successfully&amp#27;[m
]]></system-out>
  </testcase>
  <testcase name="validateSubmitOrder" classname="webPortalTest.endToEnd.OrderConfirmationTest" time="2.665">
    <system-out><![CDATA[&amp#27;[34m[INFO] - [04-12-2025 15:47:48] [main] [utilActions.ElementActions] - Element clicked: By.linkText: Place Order&amp#27;[m
&amp#27;[34m[INFO] - [04-12-2025 15:47:48] [main] [utilActions.ElementActions] - Text retrieved from element: By.cssSelector: span.breadcrumb-item - Text: Thanks&amp#27;[m
&amp#27;[34m[INFO] - [04-12-2025 15:47:48] [main] [reports.AllureAttachmentManager] - Screenshot is Attached Successfully: D:\QA-AutomationLabs_ITIFinalProject\test-output\screenshots\validateSubmitOrder.png&amp#27;[m
&amp#27;[34m[INFO] - [04-12-2025 15:47:48] [main] [coreMedia.ScreenshotsManager] - Successed To Capture Screenshot &amp#27;[m
&amp#27;[34m[INFO] - [04-12-2025 15:47:48] [main] [reports.AllureAttachmentManager] - Logs is Attached Successfully&amp#27;[m
]]></system-out>
  </testcase>
  <testcase name="validateShopAgain" classname="webPortalTest.endToEnd.OrderConfirmationTest" time="2.468">
    <system-out><![CDATA[&amp#27;[34m[INFO] - [04-12-2025 15:47:50] [main] [utilActions.ElementActions] - Element clicked: By.linkText: Shop Again&amp#27;[m
&amp#27;[34m[INFO] - [04-12-2025 15:47:50] [main] [utilActions.ElementActions] - Text retrieved from element: By.cssSelector: .breadcrumb - Text: Home
Shop&amp#27;[m
&amp#27;[34m[INFO] - [04-12-2025 15:47:51] [main] [reports.AllureAttachmentManager] - Screenshot is Attached Successfully: D:\QA-AutomationLabs_ITIFinalProject\test-output\screenshots\validateShopAgain.png&amp#27;[m
&amp#27;[34m[INFO] - [04-12-2025 15:47:51] [main] [coreMedia.ScreenshotsManager] - Successed To Capture Screenshot &amp#27;[m
&amp#27;[34m[INFO] - [04-12-2025 15:47:51] [main] [reports.AllureAttachmentManager] - Logs is Attached Successfully&amp#27;[m
]]></system-out>
  </testcase>
  <testcase name="validatePerformLogin" classname="webPortalTest.endToEnd.ProductColorFilterTest" time="3.071">
    <system-out><![CDATA[&amp#27;[34m[INFO] - [04-12-2025 15:47:53] [main] [driverFactory.WebDriverFactory] - Starting driver for browser: EDGE&amp#27;[m
&amp#27;[34m[INFO] - [04-12-2025 15:47:59] [main] [utilActions.ElementActions] - Text entered in element: By.id: email - Text: demo@demo.com&amp#27;[m
&amp#27;[34m[INFO] - [04-12-2025 15:48:00] [main] [utilActions.ElementActions] - Text entered in element: By.id: password - Text: demo&amp#27;[m
&amp#27;[34m[INFO] - [04-12-2025 15:48:01] [main] [utilActions.ElementActions] - Element clicked: By.id: loginBtn&amp#27;[m
&amp#27;[34m[INFO] - [04-12-2025 15:48:02] [main] [utilActions.ElementActions] - Text retrieved from element: By.cssSelector: .breadcrumb - Text: Home
Shop&amp#27;[m
&amp#27;[34m[INFO] - [04-12-2025 15:48:02] [main] [reports.AllureAttachmentManager] - Screenshot is Attached Successfully: D:\QA-AutomationLabs_ITIFinalProject\test-output\screenshots\validatePerformLogin.png&amp#27;[m
&amp#27;[34m[INFO] - [04-12-2025 15:48:02] [main] [coreMedia.ScreenshotsManager] - Successed To Capture Screenshot &amp#27;[m
&amp#27;[34m[INFO] - [04-12-2025 15:48:02] [main] [reports.AllureAttachmentManager] - Logs is Attached Successfully&amp#27;[m
]]></system-out>
    <system-err><![CDATA[Dec 04, 2025 3:47:54 PM org.openqa.selenium.manager.SeleniumManager lambda$runCommand$1
WARNING: There was an error managing msedgedriver (error sending request for url (https://msedgedriver.azureedge.net/LATEST_RELEASE_142_WINDOWS)); using driver found in the cache
Dec 04, 2025 3:47:56 PM org.openqa.selenium.devtools.CdpVersionFinder findNearestMatch
WARNING: Unable to find CDP implementation matching 142
Dec 04, 2025 3:47:56 PM org.openqa.selenium.chromium.ChromiumDriver lambda$new$4
WARNING: Unable to find version of CDP to use for 142.0.3595.94. You may need to include a dependency on a specific version of the CDP using something similar to `org.seleniumhq.selenium:selenium-devtools-v86:4.29.0` where the version ("v86") matches the version of the chromium-based browser you're using and the version number of the artifact is the same as Selenium's.
]]></system-err>
  </testcase>
  <testcase name="validateNavigatingToCertainCategory" classname="webPortalTest.endToEnd.ProductColorFilterTest" time="2.544">
    <system-out><![CDATA[&amp#27;[34m[INFO] - [04-12-2025 15:48:04] [main] [utilActions.ElementActions] - Element clicked: By.xpath: //div[@class='offer-text']/a[@href='mens-wear.php']&amp#27;[m
[DEBUG] Men_Fashion => mens-wear
&amp#27;[34m[INFO] - [04-12-2025 15:48:04] [main] [businessPages.QA_MenFashion] - Product page is loaded&amp#27;[m
&amp#27;[34m[INFO] - [04-12-2025 15:48:04] [main] [utilActions.ElementActions] - Text retrieved from element: By.cssSelector: span.breadcrumb-item - Text: Mens Wear&amp#27;[m
&amp#27;[34m[INFO] - [04-12-2025 15:48:04] [main] [reports.AllureAttachmentManager] - Screenshot is Attached Successfully: D:\QA-AutomationLabs_ITIFinalProject\test-output\screenshots\validateNavigatingToCertainCategory.png&amp#27;[m
&amp#27;[34m[INFO] - [04-12-2025 15:48:04] [main] [coreMedia.ScreenshotsManager] - Successed To Capture Screenshot &amp#27;[m
&amp#27;[34m[INFO] - [04-12-2025 15:48:05] [main] [reports.AllureAttachmentManager] - Logs is Attached Successfully&amp#27;[m
]]></system-out>
  </testcase>
  <testcase name="validateProductColorFilter_TC" classname="webPortalTest.endToEnd.ProductColorFilterTest" time="1.873">
    <system-out><![CDATA[&amp#27;[34m[INFO] - [04-12-2025 15:48:05] [main] [utilActions.ElementActions] - Element clicked: By.xpath: //label[text()=' Black']&amp#27;[m
&amp#27;[34m[INFO] - [04-12-2025 15:48:05] [main] [utilActions.ElementActions] - Text retrieved from element: By.xpath: (//div[@class='text-center py-4']//small[1])[1] - Text: Size: S | Color: Black&amp#27;[m
&amp#27;[34m[INFO] - [04-12-2025 15:48:06] [main] [utilActions.ElementActions] - Text retrieved from element: By.xpath: (//div[@class='text-center py-4']//small[1])[8] - Text: Size: L | Color: Black&amp#27;[m
&amp#27;[34m[INFO] - [04-12-2025 15:48:06] [main] [reports.AllureAttachmentManager] - Screenshot is Attached Successfully: D:\QA-AutomationLabs_ITIFinalProject\test-output\screenshots\validateProductColorFilter_TC.png&amp#27;[m
&amp#27;[34m[INFO] - [04-12-2025 15:48:06] [main] [coreMedia.ScreenshotsManager] - Successed To Capture Screenshot &amp#27;[m
&amp#27;[34m[INFO] - [04-12-2025 15:48:06] [main] [reports.AllureAttachmentManager] - Logs is Attached Successfully&amp#27;[m
]]></system-out>
  </testcase>
  <testcase name="validatePerformLogin" classname="webPortalTest.endToEnd.ProductPriceFilterTest" time="3.241">
    <system-out><![CDATA[&amp#27;[34m[INFO] - [04-12-2025 15:48:09] [main] [driverFactory.WebDriverFactory] - Starting driver for browser: EDGE&amp#27;[m
&amp#27;[34m[INFO] - [04-12-2025 15:48:15] [main] [utilActions.ElementActions] - Text entered in element: By.id: email - Text: demo@demo.com&amp#27;[m
&amp#27;[34m[INFO] - [04-12-2025 15:48:15] [main] [utilActions.ElementActions] - Text entered in element: By.id: password - Text: demo&amp#27;[m
&amp#27;[34m[INFO] - [04-12-2025 15:48:17] [main] [utilActions.ElementActions] - Element clicked: By.id: loginBtn&amp#27;[m
&amp#27;[34m[INFO] - [04-12-2025 15:48:17] [main] [utilActions.ElementActions] - Text retrieved from element: By.cssSelector: .breadcrumb - Text: Home
Shop&amp#27;[m
&amp#27;[34m[INFO] - [04-12-2025 15:48:17] [main] [reports.AllureAttachmentManager] - Screenshot is Attached Successfully: D:\QA-AutomationLabs_ITIFinalProject\test-output\screenshots\validatePerformLogin.png&amp#27;[m
&amp#27;[34m[INFO] - [04-12-2025 15:48:17] [main] [coreMedia.ScreenshotsManager] - Successed To Capture Screenshot &amp#27;[m
&amp#27;[34m[INFO] - [04-12-2025 15:48:17] [main] [reports.AllureAttachmentManager] - Logs is Attached Successfully&amp#27;[m
]]></system-out>
    <system-err><![CDATA[Dec 04, 2025 3:48:10 PM org.openqa.selenium.manager.SeleniumManager lambda$runCommand$1
[...]
WARNING: There was an error managing msedgedriver (error sending request for url (https://msedgedriver.azureedge.net/LATEST_RELEASE_142_WINDOWS)); using driver found in the cache
Dec 04, 2025 3:48:39 PM org.openqa.selenium.devtools.CdpVersionFinder findNearestMatch
WARNING: Unable to find CDP implementation matching 142
Dec 04, 2025 3:48:39 PM org.openqa.selenium.chromium.ChromiumDriver lambda$new$4
WARNING: Unable to find version of CDP to use for 142.0.3595.94. You may need to include a dependency on a specific version of the CDP using something similar to `org.seleniumhq.selenium:selenium-devtools-v86:4.29.0` where the version ("v86") matches the version of the chromium-based browser you're using and the version number of the artifact is the same as Selenium's.
]]></system-err>
  </testcase>
  <testcase name="validateNavigatingToCertainCategory" classname="webPortalTest.endToEnd.ProductTypeFilterTest" time="2.224">
    <system-out><![CDATA[&amp#27;[34m[INFO] - [04-12-2025 15:48:47] [main] [utilActions.ElementActions] - Element clicked: By.xpath: //div[@class='offer-text']/a[@href='mens-wear.php']&amp#27;[m
[DEBUG] Men_Fashion => mens-wear
&amp#27;[34m[INFO] - [04-12-2025 15:48:47] [main] [businessPages.QA_MenFashion] - Product page is loaded&amp#27;[m
&amp#27;[34m[INFO] - [04-12-2025 15:48:47] [main] [utilActions.ElementActions] - Text retrieved from element: By.cssSelector: span.breadcrumb-item - Text: Mens Wear&amp#27;[m
&amp#27;[34m[INFO] - [04-12-2025 15:48:47] [main] [reports.AllureAttachmentManager] - Screenshot is Attached Successfully: D:\QA-AutomationLabs_ITIFinalProject\test-output\screenshots\validateNavigatingToCertainCategory.png&amp#27;[m
&amp#27;[34m[INFO] - [04-12-2025 15:48:47] [main] [coreMedia.ScreenshotsManager] - Successed To Capture Screenshot &amp#27;[m
&amp#27;[34m[INFO] - [04-12-2025 15:48:47] [main] [reports.AllureAttachmentManager] - Logs is Attached Successfully&amp#27;[m
]]></system-out>
  </testcase>
  <testcase name="validateProductTypeFilters_TC" classname="webPortalTest.endToEnd.ProductTypeFilterTest" time="1.43">
    <system-out><![CDATA[&amp#27;[34m[INFO] - [04-12-2025 15:48:47] [main] [utilActions.ElementActions] - Element clicked: By.xpath: //label[text()=' Formal']&amp#27;[m
&amp#27;[34m[INFO] - [04-12-2025 15:48:48] [main] [utilActions.ElementActions] - Text retrieved from element: By.xpath: (//div[@class='text-center py-4']//small[2])[1] - Text: Men - Formal&amp#27;[m
&amp#27;[34m[INFO] - [04-12-2025 15:48:48] [main] [utilActions.ElementActions] - Text retrieved from element: By.xpath: (//div[@class='text-center py-4']//small[2])[10] - Text: Men - Formal&amp#27;[m
&amp#27;[34m[INFO] - [04-12-2025 15:48:48] [main] [reports.AllureAttachmentManager] - Screenshot is Attached Successfully: D:\QA-AutomationLabs_ITIFinalProject\test-output\screenshots\validateProductTypeFilters_TC.png&amp#27;[m
&amp#27;[34m[INFO] - [04-12-2025 15:48:48] [main] [coreMedia.ScreenshotsManager] - Successed To Capture Screenshot &amp#27;[m
&amp#27;[34m[INFO] - [04-12-2025 15:48:48] [main] [reports.AllureAttachmentManager] - Logs is Attached Successfully&amp#27;[m
]]></system-out>
  </testcase>
  <testcase name="validatePerformLogin" classname="webPortalTest.endToEnd.RemoveFromCartTest" time="3.198">
    <system-out><![CDATA[&amp#27;[34m[INFO] - [04-12-2025 15:48:50] [main] [driverFactory.WebDriverFactory] - Starting driver for browser: EDGE&amp#27;[m
&amp#27;[34m[INFO] - [04-12-2025 15:48:56] [main] [utilActions.ElementActions] - Text entered in element: By.id: email - Text: demo@demo.com&amp#27;[m
&amp#27;[34m[INFO] - [04-12-2025 15:48:57] [main] [utilActions.ElementActions] - Text entered in element: By.id: password - Text: demo&amp#27;[m
&amp#27;[34m[INFO] - [04-12-2025 15:48:58] [main] [utilActions.ElementActions] - Element clicked: By.id: loginBtn&amp#27;[m
&amp#27;[34m[INFO] - [04-12-2025 15:48:59] [main] [utilActions.ElementActions] - Text retrieved from element: By.cssSelector: .breadcrumb - Text: Home
Shop&amp#27;[m
&amp#27;[34m[INFO] - [04-12-2025 15:48:59] [main] [reports.AllureAttachmentManager] - Screenshot is Attached Successfully: D:\QA-AutomationLabs_ITIFinalProject\test-output\screenshots\validatePerformLogin.png&amp#27;[m
&amp#27;[34m[INFO] - [04-12-2025 15:48:59] [main] [coreMedia.ScreenshotsManager] - Successed To Capture Screenshot &amp#27;[m
&amp#27;[34m[INFO] - [04-12-2025 15:48:59] [main] [reports.AllureAttachmentManager] - Logs is Attached Successfully&amp#27;[m
]]></system-out>
    <system-err><![CDATA[Dec 04, 2025 3:48:51 PM org.openqa.selenium.manager.SeleniumManager lambda$runCommand$1
WARNING: There was an error managing msedgedriver (error sending request for url (https://msedgedriver.azureedge.net/LATEST_RELEASE_142_WINDOWS)); using driver found in the cache
Dec 04, 2025 3:48:53 PM org.openqa.selenium.devtools.CdpVersionFinder findNearestMatch
WARNING: Unable to find CDP implementation matching 142
Dec 04, 2025 3:48:53 PM org.openqa.selenium.chromium.ChromiumDriver lambda$new$4
WARNING: Unable to find version of CDP to use for 142.0.3595.94. You may need to include a dependency on a specific version of the CDP using something similar to `org.seleniumhq.selenium:selenium-devtools-v86:4.29.0` where the version ("v86") matches the version of the chromium-based browser you're using and the version number of the artifact is the same as Selenium's.
]]></system-err>
  </testcase>
  <testcase name="validateNavigatingToCertainCategory" classname="webPortalTest.endToEnd.RemoveFromCartTest" time="2.688">
    <system-out><![CDATA[&amp#27;[34m[INFO] - [04-12-2025 15:49:01] [main] [utilActions.ElementActions] - Element clicked: By.xpath: //div[@class='offer-text']/a[@href='mens-wear.php']&amp#27;[m
[DEBUG] Men_Fashion => mens-wear
&amp#27;[34m[INFO] - [04-12-2025 15:49:01] [main] [businessPages.QA_MenFashion] - Product page is loaded&amp#27;[m
&amp#27;[34m[INFO] - [04-12-2025 15:49:01] [main] [utilActions.ElementActions] - Text retrieved from element: By.cssSelector: span.breadcrumb-item - Text: Mens Wear&amp#27;[m
&amp#27;[34m[INFO] - [04-12-2025 15:49:02] [main] [reports.AllureAttachmentManager] - Screenshot is Attached Successfully: D:\QA-AutomationLabs_ITIFinalProject\test-output\screenshots\validateNavigatingToCertainCategory.png&amp#27;[m
&amp#27;[34m[INFO] - [04-12-2025 15:49:02] [main] [coreMedia.ScreenshotsManager] - Successed To Capture Screenshot &amp#27;[m
&amp#27;[34m[INFO] - [04-12-2025 15:49:02] [main] [reports.AllureAttachmentManager] - Logs is Attached Successfully&amp#27;[m
]]></system-out>
  </testcase>
  <testcase name="validateAddingProductToCart" classname="webPortalTest.endToEnd.RemoveFromCartTest" time="4.597">
    <system-out><![CDATA[&amp#27;[34m[INFO] - [04-12-2025 15:49:02] [main] [utilActions.ElementActions] - Element clicked: By.xpath: //a[.='Black T-Shirt']/following::button[contains(@class, 'addToCart')][1]&amp#27;[m
&amp#27;[34m[INFO] - [04-12-2025 15:49:04] [main] [utilActions.ElementActions] - Element clicked: By.cssSelector: a>i.fa-2x&amp#27;[m
&amp#27;[34m[INFO] - [04-12-2025 15:49:04] [main] [utilActions.ElementActions] - Text retrieved from element: By.xpath: //td[contains(text(), 'Black T-Shirt')] - Text: Black T-Shirt&amp#27;[m
&amp#27;[34m[INFO] - [04-12-2025 15:49:05] [main] [utilActions.ElementActions] - Text retrieved from element: By.xpath: //td[contains(text(),'Black T-Shirt')]/following-sibling::td[1] - Text: $150&amp#27;[m
&amp#27;[34m[INFO] - [04-12-2025 15:49:05] [main] [utilActions.ElementActions] - Attribute value retrieved from element: By.xpath: //td[contains(text(),'Black T-Shirt')]/following-sibling::td[2]/input - Text: 1&amp#27;[m
&amp#27;[34m[INFO] - [04-12-2025 15:49:05] [main] [utilActions.ElementActions] - Text retrieved from element: By.xpath: //td[contains(text(),'Black T-Shirt')]/following-sibling::td[3] - Text: $150&amp#27;[m
&amp#27;[34m[INFO] - [04-12-2025 15:49:05] [main] [utilActions.ElementActions] - Text retrieved from element: By.id: totalPrice - Text: Total: $150&amp#27;[m
&amp#27;[34m[INFO] - [04-12-2025 15:49:06] [main] [utilActions.ElementActions] - Text retrieved from element: By.cssSelector: span.breadcrumb-item - Text: Cart&amp#27;[m
&amp#27;[34m[INFO] - [04-12-2025 15:49:06] [main] [reports.AllureAttachmentManager] - Screenshot is Attached Successfully: D:\QA-AutomationLabs_ITIFinalProject\test-output\screenshots\validateAddingProductToCart.png&amp#27;[m
&amp#27;[34m[INFO] - [04-12-2025 15:49:06] [main] [coreMedia.ScreenshotsManager] - Successed To Capture Screenshot &amp#27;[m
&amp#27;[34m[INFO] - [04-12-2025 15:49:06] [main] [reports.AllureAttachmentManager] - Logs is Attached Successfully&amp#27;[m
]]></system-out>
  </testcase>
  <testcase name="validateRemovingProductFromCart" classname="webPortalTest.endToEnd.RemoveFromCartTest" time="1.514">
    <system-out><![CDATA[&amp#27;[34m[INFO] - [04-12-2025 15:49:07] [main] [utilActions.ElementActions] - Element clicked: By.xpath: //td[contains(text(),'Black T-Shirt')]/following-sibling::td[4]/button&amp#27;[m
&amp#27;[34m[INFO] - [04-12-2025 15:49:07] [main] [utilActions.ElementActions] - Text retrieved from element: By.id: cartCount - Text: 0&amp#27;[m
&amp#27;[34m[INFO] - [04-12-2025 15:49:08] [main] [reports.AllureAttachmentManager] - Screenshot is Attached Successfully: D:\QA-AutomationLabs_ITIFinalProject\test-output\screenshots\validateRemovingProductFromCart.png&amp#27;[m
&amp#27;[34m[INFO] - [04-12-2025 15:49:08] [main] [coreMedia.ScreenshotsManager] - Successed To Capture Screenshot &amp#27;[m
&amp#27;[34m[INFO] - [04-12-2025 15:49:08] [main] [reports.AllureAttachmentManager] - Logs is Attached Successfully&amp#27;[m
]]></system-out>
  </testcase>
  <testcase name="validateCategoriesPresence_TC" classname="webPortalTest.endToEnd.ShopTest" time="3.439">
    <system-out><![CDATA[&amp#27;[34m[INFO] - [04-12-2025 15:49:14] [main] [driverFactory.WebDriverFactory] - Starting driver for browser: EDGE&amp#27;[m
&amp#27;[34m[INFO] - [04-12-2025 15:49:21] [main] [utilActions.ElementActions] - Text entered in element: By.id: email - Text: demo@demo.com&amp#27;[m
&amp#27;[34m[INFO] - [04-12-2025 15:49:21] [main] [utilActions.ElementActions] - Text entered in element: By.id: password - Text: demo&amp#27;[m
&amp#27;[34m[INFO] - [04-12-2025 15:49:22] [main] [utilActions.ElementActions] - Element clicked: By.id: loginBtn&amp#27;[m
&amp#27;[34m[INFO] - [04-12-2025 15:49:23] [main] [utilActions.ElementActions] - Text retrieved from element: By.cssSelector: .breadcrumb - Text: Home
Shop&amp#27;[m
&amp#27;[34m[INFO] - [04-12-2025 15:49:23] [main] [utilActions.ElementActions] - Text retrieved from element: By.xpath: //h3[.='Men Fashion'] - Text: Men Fashion&amp#27;[m
&amp#27;[34m[INFO] - [04-12-2025 15:49:23] [main] [reports.AllureAttachmentManager] - Screenshot is Attached Successfully: D:\QA-AutomationLabs_ITIFinalProject\test-output\screenshots\validateCategoriesPresence_TC.png&amp#27;[m
&amp#27;[34m[INFO] - [04-12-2025 15:49:23] [main] [coreMedia.ScreenshotsManager] - Successed To Capture Screenshot &amp#27;[m
&amp#27;[34m[INFO] - [04-12-2025 15:49:23] [main] [reports.AllureAttachmentManager] - Logs is Attached Successfully&amp#27;[m
]]></system-out>
    <system-err><![CDATA[Dec 04, 2025 3:49:15 PM org.openqa.selenium.manager.SeleniumManager lambda$runCommand$1
WARNING: There was an error managing msedgedriver (error sending request for url (https://msedgedriver.azureedge.net/LATEST_RELEASE_142_WINDOWS)); using driver found in the cache
Dec 04, 2025 3:49:17 PM org.openqa.selenium.devtools.CdpVersionFinder findNearestMatch
WARNING: Unable to find CDP implementation matching 142
Dec 04, 2025 3:49:17 PM org.openqa.selenium.chromium.ChromiumDriver lambda$new$4
WARNING: Unable to find version of CDP to use for 142.0.3595.94. You may need to include a dependency on a specific version of the CDP using something similar to `org.seleniumhq.selenium:selenium-devtools-v86:4.29.0` where the version ("v86") matches the version of the chromium-based browser you're using and the version number of the artifact is the same as Selenium's.
]]></system-err>
  </testcase>
  <testcase name="validateNavigationToProductPage_TC" classname="webPortalTest.endToEnd.ShopTest" time="2.623">
    <system-out><![CDATA[&amp#27;[34m[INFO] - [04-12-2025 15:49:25] [main] [utilActions.ElementActions] - Element clicked: By.xpath: //div[@class='offer-text']/a[@href='mens-wear.php']&amp#27;[m
[DEBUG] Men_Fashion => mens-wear
&amp#27;[34m[INFO] - [04-12-2025 15:49:25] [main] [businessPages.QA_MenFashion] - Product page is loaded&amp#27;[m
&amp#27;[34m[INFO] - [04-12-2025 15:49:26] [main] [utilActions.ElementActions] - Text retrieved from element: By.cssSelector: span.breadcrumb-item - Text: Mens Wear&amp#27;[m
&amp#27;[34m[INFO] - [04-12-2025 15:49:26] [main] [reports.AllureAttachmentManager] - Screenshot is Attached Successfully: D:\QA-AutomationLabs_ITIFinalProject\test-output\screenshots\validateNavigationToProductPage_TC.png&amp#27;[m
&amp#27;[34m[INFO] - [04-12-2025 15:49:26] [main] [coreMedia.ScreenshotsManager] - Successed To Capture Screenshot &amp#27;[m
&amp#27;[34m[INFO] - [04-12-2025 15:49:26] [main] [reports.AllureAttachmentManager] - Logs is Attached Successfully&amp#27;[m
]]></system-out>
  </testcase>
  <testcase name="validatePerformLogin" classname="webPortalTest.endToEnd.SpecProdToCartTest" time="3.254">
    <system-out><![CDATA[&amp#27;[34m[INFO] - [04-12-2025 15:49:28] [main] [driverFactory.WebDriverFactory] - Starting driver for browser: EDGE&amp#27;[m
&amp#27;[34m[INFO] - [04-12-2025 15:49:34] [main] [utilActions.ElementActions] - Text entered in element: By.id: email - Text: demo@demo.com&amp#27;[m
&amp#27;[34m[INFO] - [04-12-2025 15:49:35] [main] [utilActions.ElementActions] - Text entered in element: By.id: password - Text: demo&amp#27;[m
&amp#27;[34m[INFO] - [04-12-2025 15:49:36] [main] [utilActions.ElementActions] - Element clicked: By.id: loginBtn&amp#27;[m
&amp#27;[34m[INFO] - [04-12-2025 15:49:37] [main] [utilActions.ElementActions] - Text retrieved from element: By.cssSelector: .breadcrumb - Text: Home
Shop&amp#27;[m
&amp#27;[34m[INFO] - [04-12-2025 15:49:37] [main] [reports.AllureAttachmentManager] - Screenshot is Attached Successfully: D:\QA-AutomationLabs_ITIFinalProject\test-output\screenshots\validatePerformLogin.png&amp#27;[m
&amp#27;[34m[INFO] - [04-12-2025 15:49:37] [main] [coreMedia.ScreenshotsManager] - Successed To Capture Screenshot &amp#27;[m
&amp#27;[34m[INFO] - [04-12-2025 15:49:37] [main] [reports.AllureAttachmentManager] - Logs is Attached Successfully&amp#27;[m
]]></system-out>
    <system-err><![CDATA[Dec 04, 2025 3:49:28 PM org.openqa.selenium.manager.SeleniumManager lambda$runCommand$1
WARNING: There was an error managing msedgedriver (error sending request for url (https://msedgedriver.azureedge.net/LATEST_RELEASE_142_WINDOWS)); using driver found in the cache
Dec 04, 2025 3:49:31 PM org.openqa.selenium.devtools.CdpVersionFinder findNearestMatch
WARNING: Unable to find CDP implementation matching 142
Dec 04, 2025 3:49:31 PM org.openqa.selenium.chromium.ChromiumDriver lambda$new$4
WARNING: Unable to find version of CDP to use for 142.0.3595.94. You may need to include a dependency on a specific version of the CDP using something similar to `org.seleniumhq.selenium:selenium-devtools-v86:4.29.0` where the version ("v86") matches the version of the chromium-based browser you're using and the version number of the artifact is the same as Selenium's.
]]></system-err>
  </testcase>
  <testcase name="validateNavigatingToCertainCategory" classname="webPortalTest.endToEnd.SpecProdToCartTest" time="2.386">
    <system-out><![CDATA[&amp#27;[34m[INFO] - [04-12-2025 15:49:39] [main] [utilActions.ElementActions] - Element clicked: By.xpath: //div[@class='offer-text']/a[@href='mens-wear.php']&amp#27;[m
[DEBUG] Men_Fashion => mens-wear
&amp#27;[34m[INFO] - [04-12-2025 15:49:39] [main] [businessPages.QA_MenFashion] - Product page is loaded&amp#27;[m
&amp#27;[34m[INFO] - [04-12-2025 15:49:39] [main] [utilActions.ElementActions] - Text retrieved from element: By.cssSelector: span.breadcrumb-item - Text: Mens Wear&amp#27;[m
&amp#27;[34m[INFO] - [04-12-2025 15:49:39] [main] [reports.AllureAttachmentManager] - Screenshot is Attached Successfully: D:\QA-AutomationLabs_ITIFinalProject\test-output\screenshots\validateNavigatingToCertainCategory.png&amp#27;[m
&amp#27;[34m[INFO] - [04-12-2025 15:49:39] [main] [coreMedia.ScreenshotsManager] - Successed To Capture Screenshot &amp#27;[m
&amp#27;[34m[INFO] - [04-12-2025 15:49:39] [main] [reports.AllureAttachmentManager] - Logs is Attached Successfully&amp#27;[m
]]></system-out>
  </testcase>
  <testcase name="validateCertainProductDetails" classname="webPortalTest.endToEnd.SpecProdToCartTest" time="3.769">
    <system-out><![CDATA[&amp#27;[34m[INFO] - [04-12-2025 15:49:41] [main] [utilActions.ElementActions] - Element clicked: By.xpath: //a[.='Black T-Shirt']&amp#27;[m
&amp#27;[34m[INFO] - [04-12-2025 15:49:42] [main] [utilActions.ElementActions] - Element clicked: By.cssSelector: button.addToCart&amp#27;[m
&amp#27;[34m[INFO] - [04-12-2025 15:49:42] [main] [utilActions.ElementActions] - Text retrieved from element: By.xpath: //h3[.='Black T-Shirt'] - Text: Black T-Shirt&amp#27;[m
&amp#27;[34m[INFO] - [04-12-2025 15:49:42] [main] [utilActions.ElementActions] - Text retrieved from element: By.xpath: //h3[text()='Black T-Shirt']/following-sibling::h3[@class='font-weight-semi-bold mb-4'] - Text: $150&amp#27;[m
&amp#27;[34m[INFO] - [04-12-2025 15:49:43] [main] [utilActions.ElementActions] - Text retrieved from element: By.id: cartCount - Text: 1&amp#27;[m
&amp#27;[34m[INFO] - [04-12-2025 15:49:43] [main] [reports.AllureAttachmentManager] - Screenshot is Attached Successfully: D:\QA-AutomationLabs_ITIFinalProject\test-output\screenshots\validateCertainProductDetails.png&amp#27;[m
&amp#27;[34m[INFO] - [04-12-2025 15:49:43] [main] [coreMedia.ScreenshotsManager] - Successed To Capture Screenshot &amp#27;[m
&amp#27;[34m[INFO] - [04-12-2025 15:49:43] [main] [reports.AllureAttachmentManager] - Logs is Attached Successfully&amp#27;[m
]]></system-out>
  </testcase>
  <testcase name="validateNavigatingToCartPage_TC" classname="webPortalTest.endToEnd.SpecProdToCartTest" time="4.52">
    <system-out><![CDATA[&amp#27;[34m[INFO] - [04-12-2025 15:49:45] [main] [utilActions.ElementActions] - Element clicked: By.cssSelector: a>i.fa-2x&amp#27;[m
&amp#27;[34m[INFO] - [04-12-2025 15:49:46] [main] [utilActions.ElementActions] - Text retrieved from element: By.xpath: //td[contains(text(), 'Black T-Shirt')] - Text: Black T-Shirt&amp#27;[m
&amp#27;[34m[INFO] - [04-12-2025 15:49:46] [main] [utilActions.ElementActions] - Text retrieved from element: By.xpath: //td[contains(text(),'Black T-Shirt')]/following-sibling::td[1] - Text: $150&amp#27;[m
&amp#27;[34m[INFO] - [04-12-2025 15:49:47] [main] [utilActions.ElementActions] - Attribute value retrieved from element: By.xpath: //td[contains(text(),'Black T-Shirt')]/following-sibling::td[2]/input - Text: 1&amp#27;[m
&amp#27;[34m[INFO] - [04-12-2025 15:49:47] [main] [utilActions.ElementActions] - Text retrieved from element: By.xpath: //td[contains(text(),'Black T-Shirt')]/following-sibling::td[3] - Text: $150&amp#27;[m
&amp#27;[34m[INFO] - [04-12-2025 15:49:47] [main] [utilActions.ElementActions] - Text retrieved from element: By.cssSelector: span.breadcrumb-item - Text: Cart&amp#27;[m
&amp#27;[34m[INFO] - [04-12-2025 15:49:48] [main] [reports.AllureAttachmentManager] - Screenshot is Attached Successfully: D:\QA-AutomationLabs_ITIFinalProject\test-output\screenshots\validateNavigatingToCartPage_TC.png&amp#27;[m
&amp#27;[34m[INFO] - [04-12-2025 15:49:48] [main] [coreMedia.ScreenshotsManager] - Successed To Capture Screenshot &amp#27;[m
&amp#27;[34m[INFO] - [04-12-2025 15:49:48] [main] [reports.AllureAttachmentManager] - Logs is Attached Successfully&amp#27;[m
]]></system-out>
  </testcase>
</testsuite>