<?xml version="1.0" encoding="UTF-8"?>
<!-- Generated by org.testng.reporters.JUnitReportReporter -->
<testsuite hostname="DESKTOP-26OUL54" failures="0" tests="5" name="webPortalTest.endToEnd.LoginTest" time="61.977" errors="0" timestamp="2025-12-04T15:49:52 EET" skipped="0">
  <testcase classname="webPortalTest.endToEnd.LoginTest" name="invalidUserLogin_TC" time="11.475"/>
  <testcase classname="webPortalTest.endToEnd.LoginTest" name="invalidPasswordLogin_TC" time="12.302"/>
  <testcase classname="webPortalTest.endToEnd.LoginTest" name="emptyMailLogin_TC" time="11.423"/>
  <testcase classname="webPortalTest.endToEnd.LoginTest" name="emptyPasswordLogin_TC" time="11.820"/>
  <testcase classname="webPortalTest.endToEnd.LoginTest" name="validLogin_TC" time="14.957"/>
</testsuite> <!-- webPortalTest.endToEnd.LoginTest -->
