<?xml version="1.0" encoding="UTF-8"?>
<!-- Generated by org.testng.reporters.JUnitReportReporter -->
<testsuite hostname="DESKTOP-26OUL54" failures="0" tests="3" name="webPortalTest.endToEnd.ProductColorFilterTest" time="6.332" errors="0" timestamp="2025-12-04T15:49:52 EET" skipped="0">
  <testcase classname="webPortalTest.endToEnd.ProductColorFilterTest" name="validatePerformLogin" time="2.846"/>
  <testcase classname="webPortalTest.endToEnd.ProductColorFilterTest" name="validateProductColorFilter_TC" time="1.342"/>
  <testcase classname="webPortalTest.endToEnd.ProductColorFilterTest" name="validateNavigatingToCertainCategory" time="2.144"/>
</testsuite> <!-- webPortalTest.endToEnd.ProductColorFilterTest -->
