<?xml version="1.0" encoding="UTF-8"?>
<!-- Generated by org.testng.reporters.JUnitReportReporter -->
<testsuite hostname="DESKTOP-26OUL54" failures="0" tests="4" name="webPortalTest.endToEnd.CheckoutWithEmptyFieldTest" time="17.891" errors="0" timestamp="2025-12-04T15:49:52 EET" skipped="0">
  <testcase classname="webPortalTest.endToEnd.CheckoutWithEmptyFieldTest" name="validateAddingProductToCart" time="4.418"/>
  <testcase classname="webPortalTest.endToEnd.CheckoutWithEmptyFieldTest" name="validatePerformLogin" time="3.129"/>
  <testcase classname="webPortalTest.endToEnd.CheckoutWithEmptyFieldTest" name="validateNavigatingToCertainCategory" time="2.192"/>
  <testcase classname="webPortalTest.endToEnd.CheckoutWithEmptyFieldTest" name="checkoutLeavingEmptyAddress" time="8.152"/>
</testsuite> <!-- webPortalTest.endToEnd.CheckoutWithEmptyFieldTest -->
