<?xml version="1.0" encoding="UTF-8"?>
<!-- Generated by org.testng.reporters.JUnitReportReporter -->
<testsuite hostname="DESKTOP-26OUL54" failures="0" tests="3" name="webPortalTest.endToEnd.ProductSizeFilterTest" time="6.204" errors="0" timestamp="2025-12-04T15:49:52 EET" skipped="0">
  <testcase classname="webPortalTest.endToEnd.ProductSizeFilterTest" name="validateNavigatingToCertainCategory" time="2.131"/>
  <testcase classname="webPortalTest.endToEnd.ProductSizeFilterTest" name="validateProductSizeFilter_TC" time="1.234"/>
  <testcase classname="webPortalTest.endToEnd.ProductSizeFilterTest" name="validatePerformLogin" time="2.839"/>
</testsuite> <!-- webPortalTest.endToEnd.ProductSizeFilterTest -->
