<?xml version="1.0" encoding="UTF-8"?>
<!-- Generated by org.testng.reporters.JUnitReportReporter -->
<testsuite hostname="DESKTOP-26OUL54" failures="0" tests="3" name="webPortalTest.endToEnd.ProductPriceFilterTest" time="6.465" errors="0" timestamp="2025-12-04T15:49:52 EET" skipped="0">
  <testcase classname="webPortalTest.endToEnd.ProductPriceFilterTest" name="validateProductPriceFilter_TC" time="1.175"/>
  <testcase classname="webPortalTest.endToEnd.ProductPriceFilterTest" name="validatePerformLogin" time="3.005"/>
  <testcase classname="webPortalTest.endToEnd.ProductPriceFilterTest" name="validateNavigatingToCertainCategory" time="2.285"/>
</testsuite> <!-- webPortalTest.endToEnd.ProductPriceFilterTest -->
