<?xml version="1.0" encoding="UTF-8"?>
<!-- Generated by org.testng.reporters.JUnitReportReporter -->
<testsuite hostname="DESKTOP-26OUL54" failures="0" tests="4" name="webPortalTest.endToEnd.CheckoutWithInvalidPhoneTest" time="17.790" errors="0" timestamp="2025-12-04T15:49:52 EET" skipped="0">
  <testcase classname="webPortalTest.endToEnd.CheckoutWithInvalidPhoneTest" name="validateAddingProductToCart" time="4.452"/>
  <testcase classname="webPortalTest.endToEnd.CheckoutWithInvalidPhoneTest" name="checkoutWithInvalidPhone" time="8.053"/>
  <testcase classname="webPortalTest.endToEnd.CheckoutWithInvalidPhoneTest" name="validatePerformLogin" time="3.026"/>
  <testcase classname="webPortalTest.endToEnd.CheckoutWithInvalidPhoneTest" name="validateNavigatingToCertainCategory" time="2.259"/>
</testsuite> <!-- webPortalTest.endToEnd.CheckoutWithInvalidPhoneTest -->
