<?xml version="1.0" encoding="UTF-8"?>
<!-- Generated by org.testng.reporters.JUnitReportReporter -->
<testsuite hostname="DESKTOP-26OUL54" failures="0" tests="7" name="webPortalTest.endToEnd.OrderConfirmationTest" time="28.704" errors="0" timestamp="2025-12-04T15:49:52 EET" skipped="0">
  <testcase classname="webPortalTest.endToEnd.OrderConfirmationTest" name="validateProceedingToCheckout" time="3.461"/>
  <testcase classname="webPortalTest.endToEnd.OrderConfirmationTest" name="validateConfirmationPageDetails" time="10.682"/>
  <testcase classname="webPortalTest.endToEnd.OrderConfirmationTest" name="validateNavigatingToCertainCategory" time="2.458"/>
  <testcase classname="webPortalTest.endToEnd.OrderConfirmationTest" name="validateAddingProductToCart" time="4.451"/>
  <testcase classname="webPortalTest.endToEnd.OrderConfirmationTest" name="validateSubmitOrder" time="2.451"/>
  <testcase classname="webPortalTest.endToEnd.OrderConfirmationTest" name="validatePerformLogin" time="3.305"/>
  <testcase classname="webPortalTest.endToEnd.OrderConfirmationTest" name="validateShopAgain" time="1.896"/>
</testsuite> <!-- webPortalTest.endToEnd.OrderConfirmationTest -->
