<?xml version="1.0" encoding="UTF-8"?>
<!-- Generated by org.testng.reporters.JUnitReportReporter -->
<testsuite hostname="DESKTOP-26OUL54" failures="0" tests="3" name="webPortalTest.endToEnd.ElectronicBrandFilterTest" time="6.579" errors="0" timestamp="2025-12-04T15:49:52 EET" skipped="0">
  <testcase classname="webPortalTest.endToEnd.ElectronicBrandFilterTest" name="validateNavigatingToCertainCategory" time="2.333"/>
  <testcase classname="webPortalTest.endToEnd.ElectronicBrandFilterTest" name="validateProductFilters_TC" time="0.929"/>
  <testcase classname="webPortalTest.endToEnd.ElectronicBrandFilterTest" name="validatePerformLogin" time="3.317"/>
</testsuite> <!-- webPortalTest.endToEnd.ElectronicBrandFilterTest -->
