<?xml version="1.0" encoding="UTF-8"?>
<!-- Generated by org.testng.reporters.JUnitReportReporter -->
<testsuite hostname="DESKTOP-26OUL54" failures="0" tests="3" name="webPortalTest.endToEnd.AddToCartTest" time="13.636" errors="0" timestamp="2025-12-04T15:49:52 EET" skipped="0">
  <testcase classname="webPortalTest.endToEnd.AddToCartTest" name="validatePerformLogin" time="6.001"/>
  <testcase classname="webPortalTest.endToEnd.AddToCartTest" name="validateNavigatingToCertainCategory" time="2.321"/>
  <testcase classname="webPortalTest.endToEnd.AddToCartTest" name="validateAddingProductToCart" time="5.314"/>
</testsuite> <!-- webPortalTest.endToEnd.AddToCartTest -->
