<?xml version="1.0" encoding="UTF-8"?>
<!-- Generated by org.testng.reporters.JUnitReportReporter -->
<testsuite hostname="DESKTOP-26OUL54" failures="0" tests="3" name="webPortalTest.endToEnd.AllCategoriesToCartTest" time="24.536" errors="0" timestamp="2025-12-04T15:49:52 EET" skipped="0">
  <testcase classname="webPortalTest.endToEnd.AllCategoriesToCartTest" name="validateAddingProductToCart" time="19.201"/>
  <testcase classname="webPortalTest.endToEnd.AllCategoriesToCartTest" name="validatePerformLogin" time="3.131"/>
  <testcase classname="webPortalTest.endToEnd.AllCategoriesToCartTest" name="validateNavigatingToCertainCategory" time="2.204"/>
</testsuite> <!-- webPortalTest.endToEnd.AllCategoriesToCartTest -->
