<?xml version="1.0" encoding="UTF-8"?>
<!-- Generated by org.testng.reporters.JUnitReportReporter -->
<testsuite hostname="DESKTOP-26OUL54" failures="0" tests="3" name="webPortalTest.endToEnd.ProductTypeFilterTest" time="6.014" errors="0" timestamp="2025-12-04T15:49:52 EET" skipped="0">
  <testcase classname="webPortalTest.endToEnd.ProductTypeFilterTest" name="validateProductTypeFilters_TC" time="1.172"/>
  <testcase classname="webPortalTest.endToEnd.ProductTypeFilterTest" name="validatePerformLogin" time="2.798"/>
  <testcase classname="webPortalTest.endToEnd.ProductTypeFilterTest" name="validateNavigatingToCertainCategory" time="2.044"/>
</testsuite> <!-- webPortalTest.endToEnd.ProductTypeFilterTest -->
