<?xml version="1.0" encoding="UTF-8"?>
<!-- Generated by org.testng.reporters.JUnitReportReporter -->
<testsuite hostname="DESKTOP-26OUL54" failures="0" tests="4" name="webPortalTest.endToEnd.RemoveFromCartTest" time="10.582" errors="0" timestamp="2025-12-04T15:49:52 EET" skipped="0">
  <testcase classname="webPortalTest.endToEnd.RemoveFromCartTest" name="validatePerformLogin" time="2.885"/>
  <testcase classname="webPortalTest.endToEnd.RemoveFromCartTest" name="validateRemovingProductFromCart" time="0.952"/>
  <testcase classname="webPortalTest.endToEnd.RemoveFromCartTest" name="validateAddingProductToCart" time="4.357"/>
  <testcase classname="webPortalTest.endToEnd.RemoveFromCartTest" name="validateNavigatingToCertainCategory" time="2.388"/>
</testsuite> <!-- webPortalTest.endToEnd.RemoveFromCartTest -->
