<?xml version="1.0" encoding="UTF-8"?>
<!-- Generated by org.testng.reporters.JUnitReportReporter -->
<testsuite hostname="DESKTOP-26OUL54" failures="0" tests="5" name="webPortalTest.endToEnd.CheckOutTest" time="19.749" errors="0" timestamp="2025-12-04T15:49:52 EET" skipped="0">
  <testcase classname="webPortalTest.endToEnd.CheckOutTest" name="validatePerformLogin" time="2.858"/>
  <testcase classname="webPortalTest.endToEnd.CheckOutTest" name="validateAddingProductToCart" time="4.159"/>
  <testcase classname="webPortalTest.endToEnd.CheckOutTest" name="validateProceedingToConfirmationPage" time="6.758"/>
  <testcase classname="webPortalTest.endToEnd.CheckOutTest" name="validateNavigatingToCertainCategory" time="2.010"/>
  <testcase classname="webPortalTest.endToEnd.CheckOutTest" name="validateProceedingToCheckout" time="3.964"/>
</testsuite> <!-- webPortalTest.endToEnd.CheckOutTest -->
