<?xml version="1.0" encoding="UTF-8"?>
<!-- Generated by org.testng.reporters.JUnitReportReporter -->
<testsuite hostname="DESKTOP-26OUL54" failures="0" tests="4" name="webPortalTest.endToEnd.SpecProdToCartTest" time="12.676" errors="0" timestamp="2025-12-04T15:49:52 EET" skipped="0">
  <testcase classname="webPortalTest.endToEnd.SpecProdToCartTest" name="validateNavigatingToCartPage_TC" time="4.370"/>
  <testcase classname="webPortalTest.endToEnd.SpecProdToCartTest" name="validateCertainProductDetails" time="3.270"/>
  <testcase classname="webPortalTest.endToEnd.SpecProdToCartTest" name="validatePerformLogin" time="2.974"/>
  <testcase classname="webPortalTest.endToEnd.SpecProdToCartTest" name="validateNavigatingToCertainCategory" time="2.062"/>
</testsuite> <!-- webPortalTest.endToEnd.SpecProdToCartTest -->
