<?xml version="1.0" encoding="UTF-8"?>
<!-- Generated by org.testng.reporters.JUnitReportReporter -->
<testsuite hostname="DESKTOP-26OUL54" failures="0" tests="2" name="webPortalTest.endToEnd.ShopTest" time="5.583" errors="0" timestamp="2025-12-04T15:49:52 EET" skipped="0">
  <testcase classname="webPortalTest.endToEnd.ShopTest" name="validateNavigationToProductPage_TC" time="2.337"/>
  <testcase classname="webPortalTest.endToEnd.ShopTest" name="validateCategoriesPresence_TC" time="3.246"/>
</testsuite> <!-- webPortalTest.endToEnd.ShopTest -->
